This file contains any messages produced by compilers while
running configure, to aid debugging if configure makes a mistake.

It was created by configure, which was
generated by GNU Autoconf 2.63.  Invocation command line was

  $ ./configure --prefix=/home/ialsamar/GORCA_V5.0/CARE_SST1M/VBF-0.3.4/lib

## --------- ##
## Platform. ##
## --------- ##

hostname = ui.cta.camk.edu.pl
uname -m = x86_64
uname -r = 2.6.32-642.6.2.el6.x86_64
uname -s = Linux
uname -v = #1 SMP Tue Oct 25 15:06:33 CDT 2016

/usr/bin/uname -p = unknown
/bin/uname -X     = unknown

/bin/arch              = x86_64
/usr/bin/arch -k       = unknown
/usr/convex/getsysinfo = unknown
/usr/bin/hostinfo      = unknown
/bin/machine           = unknown
/usr/bin/oslevel       = unknown
/bin/universe          = unknown

PATH: /home/ialsamar/GORCA_V5.0/CARE_SST1M/VBF-0.3.4/lib/bin
PATH: /work/app/root_v5.34.36/bin
PATH: /home/ialsamar/anaconda2/envs/GORCA_V5.0/bin
PATH: /home/ialsamar/anaconda2/bin
PATH: /home/ialsamar/CARE_CAMERA/GORCA/CARE/VBF-0.3.4/lib/bin
PATH: /home/ialsamar/GORCA/CamerasToACTL/IO/Fits//home/ialsamar/GORCA/Prod3DataChallenge/ThirdParty/protobuf-2.6.1/src/
PATH: /work/app/root_v5.34.36/bin
PATH: /usr/lib64/qt-3.3/bin
PATH: /bin
PATH: /usr/local/bin
PATH: /usr/bin
PATH: /usr/local/sbin
PATH: /usr/sbin
PATH: /sbin


## ----------- ##
## Core tests. ##
## ----------- ##

configure:2080: checking for a BSD-compatible install
configure:2148: result: /usr/bin/install -c
configure:2159: checking whether build environment is sane
configure:2219: result: yes
configure:2360: checking for a thread-safe mkdir -p
configure:2399: result: /bin/mkdir -p
configure:2412: checking for gawk
configure:2428: found /bin/gawk
configure:2439: result: gawk
configure:2450: checking whether make sets $(MAKE)
configure:2472: result: yes
configure:2606: checking for gcc
configure:2622: found /usr/bin/gcc
configure:2633: result: gcc
configure:2865: checking for C compiler version
configure:2873: gcc --version >&5
gcc (GCC) 4.4.7 20120313 (Red Hat 4.4.7-18)
Copyright (C) 2010 Free Software Foundation, Inc.
This is free software; see the source for copying conditions.  There is NO
warranty; not even for MERCHANTABILITY or FITNESS FOR A PARTICULAR PURPOSE.

configure:2877: $? = 0
configure:2884: gcc -v >&5
Using built-in specs.
Target: x86_64-redhat-linux
Configured with: ../configure --prefix=/usr --mandir=/usr/share/man --infodir=/usr/share/info --with-bugurl=http://bugzilla.redhat.com/bugzilla --enable-bootstrap --enable-shared --enable-threads=posix --enable-checking=release --with-system-zlib --enable-__cxa_atexit --disable-libunwind-exceptions --enable-gnu-unique-object --enable-languages=c,c++,objc,obj-c++,java,fortran,ada --enable-java-awt=gtk --disable-dssi --with-java-home=/usr/lib/jvm/java-1.5.0-gcj-1.5.0.0/jre --enable-libgcj-multifile --enable-java-maintainer-mode --with-ecj-jar=/usr/share/java/eclipse-ecj.jar --disable-libjava-multilib --with-ppl --with-cloog --with-tune=generic --with-arch_32=i686 --build=x86_64-redhat-linux
Thread model: posix
gcc version 4.4.7 20120313 (Red Hat 4.4.7-18) (GCC) 
configure:2888: $? = 0
configure:2895: gcc -V >&5
gcc: '-V' option must have argument
configure:2899: $? = 1
configure:2922: checking for C compiler default output file name
configure:2944: gcc    conftest.c  >&5
configure:2948: $? = 0
configure:2986: result: a.out
configure:3005: checking whether the C compiler works
configure:3015: ./a.out
configure:3019: $? = 0
configure:3038: result: yes
configure:3045: checking whether we are cross compiling
configure:3047: result: no
configure:3050: checking for suffix of executables
configure:3057: gcc -o conftest    conftest.c  >&5
configure:3061: $? = 0
configure:3087: result: 
configure:3093: checking for suffix of object files
configure:3119: gcc -c   conftest.c >&5
configure:3123: $? = 0
configure:3148: result: o
configure:3152: checking whether we are using the GNU C compiler
configure:3181: gcc -c   conftest.c >&5
configure:3188: $? = 0
configure:3205: result: yes
configure:3214: checking whether gcc accepts -g
configure:3244: gcc -c -g  conftest.c >&5
configure:3251: $? = 0
configure:3352: result: yes
configure:3369: checking for gcc option to accept ISO C89
configure:3443: gcc  -c -g -O2  conftest.c >&5
configure:3450: $? = 0
configure:3473: result: none needed
configure:3502: checking for style of include used by make
configure:3530: result: GNU
configure:3555: checking dependency style of gcc
configure:3665: result: gcc3
configure:3738: checking for g++
configure:3754: found /usr/bin/g++
configure:3765: result: g++
configure:3792: checking for C++ compiler version
configure:3800: g++ --version >&5
g++ (GCC) 4.4.7 20120313 (Red Hat 4.4.7-18)
Copyright (C) 2010 Free Software Foundation, Inc.
This is free software; see the source for copying conditions.  There is NO
warranty; not even for MERCHANTABILITY or FITNESS FOR A PARTICULAR PURPOSE.

configure:3804: $? = 0
configure:3811: g++ -v >&5
Using built-in specs.
Target: x86_64-redhat-linux
Configured with: ../configure --prefix=/usr --mandir=/usr/share/man --infodir=/usr/share/info --with-bugurl=http://bugzilla.redhat.com/bugzilla --enable-bootstrap --enable-shared --enable-threads=posix --enable-checking=release --with-system-zlib --enable-__cxa_atexit --disable-libunwind-exceptions --enable-gnu-unique-object --enable-languages=c,c++,objc,obj-c++,java,fortran,ada --enable-java-awt=gtk --disable-dssi --with-java-home=/usr/lib/jvm/java-1.5.0-gcj-1.5.0.0/jre --enable-libgcj-multifile --enable-java-maintainer-mode --with-ecj-jar=/usr/share/java/eclipse-ecj.jar --disable-libjava-multilib --with-ppl --with-cloog --with-tune=generic --with-arch_32=i686 --build=x86_64-redhat-linux
Thread model: posix
gcc version 4.4.7 20120313 (Red Hat 4.4.7-18) (GCC) 
configure:3815: $? = 0
configure:3822: g++ -V >&5
g++: '-V' option must have argument
configure:3826: $? = 1
configure:3829: checking whether we are using the GNU C++ compiler
configure:3858: g++ -c   conftest.cpp >&5
configure:3865: $? = 0
configure:3882: result: yes
configure:3891: checking whether g++ accepts -g
configure:3921: g++ -c -g  conftest.cpp >&5
configure:3928: $? = 0
configure:4029: result: yes
configure:4054: checking dependency style of g++
configure:4164: result: gcc3
configure:4211: checking build system type
configure:4229: result: x86_64-unknown-linux-gnu
configure:4251: checking host system type
configure:4266: result: x86_64-unknown-linux-gnu
configure:4288: checking for a sed that does not truncate output
configure:4354: result: /bin/sed
configure:4372: checking for grep that handles long lines and -e
configure:4432: result: /bin/grep
configure:4437: checking for egrep
configure:4501: result: /bin/grep -E
configure:4506: checking for fgrep
configure:4570: result: /bin/grep -F
configure:4605: checking for ld used by gcc
configure:4672: result: /usr/bin/ld
configure:4681: checking if the linker (/usr/bin/ld) is GNU ld
configure:4696: result: yes
configure:4708: checking for BSD- or MS-compatible name lister (nm)
configure:4757: result: /usr/bin/nm -B
configure:4875: checking the name lister (/usr/bin/nm -B) interface
configure:4882: gcc -c -g -O2  conftest.c >&5
configure:4885: /usr/bin/nm -B "conftest.o"
configure:4888: output
0000000000000000 B some_variable
configure:4895: result: BSD nm
configure:4898: checking whether ln -s works
configure:4902: result: yes
configure:4910: checking the maximum length of command line arguments
configure:5030: result: 1966080
configure:5047: checking whether the shell understands some XSI constructs
configure:5057: result: yes
configure:5061: checking whether the shell understands "+="
configure:5067: result: yes
configure:5102: checking for /usr/bin/ld option to reload object files
configure:5109: result: -r
configure:5178: checking for objdump
configure:5194: found /usr/bin/objdump
configure:5205: result: objdump
configure:5237: checking how to recognize dependent libraries
configure:5433: result: pass_all
configure:5493: checking for ar
configure:5509: found /usr/bin/ar
configure:5520: result: ar
configure:5598: checking for strip
configure:5614: found /usr/bin/strip
configure:5625: result: strip
configure:5697: checking for ranlib
configure:5713: found /usr/bin/ranlib
configure:5724: result: ranlib
configure:5814: checking command to parse /usr/bin/nm -B output from gcc object
configure:5932: gcc -c -g -O2  conftest.c >&5
configure:5935: $? = 0
configure:5939: /usr/bin/nm -B conftest.o \| sed -n -e 's/^.*[	 ]\([ABCDGIRSTW][ABCDGIRSTW]*\)[	 ][	 ]*\([_A-Za-z][_A-Za-z0-9]*\)$/\1 \2 \2/p' \> conftest.nm
configure:5942: $? = 0
configure:5996: gcc -o conftest -g -O2   conftest.c conftstm.o >&5
configure:5999: $? = 0
configure:6037: result: ok
configure:6133: gcc -c -g -O2  conftest.c >&5
configure:6136: $? = 0
configure:6904: checking how to run the C preprocessor
configure:6944: gcc -E  conftest.c
configure:6951: $? = 0
configure:6982: gcc -E  conftest.c
conftest.c:10:28: error: ac_nonexistent.h: No such file or directory
configure:6989: $? = 1
configure: failed program was:
| /* confdefs.h.  */
| #define PACKAGE_NAME ""
| #define PACKAGE_TARNAME ""
| #define PACKAGE_VERSION ""
| #define PACKAGE_STRING ""
| #define PACKAGE_BUGREPORT ""
| #define PACKAGE "VBF"
| #define VERSION "0.3.4"
| /* end confdefs.h.  */
| #include <ac_nonexistent.h>
configure:7022: result: gcc -E
configure:7051: gcc -E  conftest.c
configure:7058: $? = 0
configure:7089: gcc -E  conftest.c
conftest.c:10:28: error: ac_nonexistent.h: No such file or directory
configure:7096: $? = 1
configure: failed program was:
| /* confdefs.h.  */
| #define PACKAGE_NAME ""
| #define PACKAGE_TARNAME ""
| #define PACKAGE_VERSION ""
| #define PACKAGE_STRING ""
| #define PACKAGE_BUGREPORT ""
| #define PACKAGE "VBF"
| #define VERSION "0.3.4"
| /* end confdefs.h.  */
| #include <ac_nonexistent.h>
configure:7136: checking for ANSI C header files
configure:7166: gcc -c -g -O2  conftest.c >&5
configure:7173: $? = 0
configure:7272: gcc -o conftest -g -O2   conftest.c  >&5
configure:7276: $? = 0
configure:7282: ./conftest
configure:7286: $? = 0
configure:7304: result: yes
configure:7328: checking for sys/types.h
configure:7349: gcc -c -g -O2  conftest.c >&5
configure:7356: $? = 0
configure:7373: result: yes
configure:7328: checking for sys/stat.h
configure:7349: gcc -c -g -O2  conftest.c >&5
configure:7356: $? = 0
configure:7373: result: yes
configure:7328: checking for stdlib.h
configure:7349: gcc -c -g -O2  conftest.c >&5
configure:7356: $? = 0
configure:7373: result: yes
configure:7328: checking for string.h
configure:7349: gcc -c -g -O2  conftest.c >&5
configure:7356: $? = 0
configure:7373: result: yes
configure:7328: checking for memory.h
configure:7349: gcc -c -g -O2  conftest.c >&5
configure:7356: $? = 0
configure:7373: result: yes
configure:7328: checking for strings.h
configure:7349: gcc -c -g -O2  conftest.c >&5
configure:7356: $? = 0
configure:7373: result: yes
configure:7328: checking for inttypes.h
configure:7349: gcc -c -g -O2  conftest.c >&5
configure:7356: $? = 0
configure:7373: result: yes
configure:7328: checking for stdint.h
configure:7349: gcc -c -g -O2  conftest.c >&5
configure:7356: $? = 0
configure:7373: result: yes
configure:7328: checking for unistd.h
configure:7349: gcc -c -g -O2  conftest.c >&5
configure:7356: $? = 0
configure:7373: result: yes
configure:7391: checking for dlfcn.h
configure:7412: gcc -c -g -O2  conftest.c >&5
configure:7419: $? = 0
configure:7436: result: yes
configure:7563: checking for C++ compiler version
configure:7571: g++ --version >&5
g++ (GCC) 4.4.7 20120313 (Red Hat 4.4.7-18)
Copyright (C) 2010 Free Software Foundation, Inc.
This is free software; see the source for copying conditions.  There is NO
warranty; not even for MERCHANTABILITY or FITNESS FOR A PARTICULAR PURPOSE.

configure:7575: $? = 0
configure:7582: g++ -v >&5
Using built-in specs.
Target: x86_64-redhat-linux
Configured with: ../configure --prefix=/usr --mandir=/usr/share/man --infodir=/usr/share/info --with-bugurl=http://bugzilla.redhat.com/bugzilla --enable-bootstrap --enable-shared --enable-threads=posix --enable-checking=release --with-system-zlib --enable-__cxa_atexit --disable-libunwind-exceptions --enable-gnu-unique-object --enable-languages=c,c++,objc,obj-c++,java,fortran,ada --enable-java-awt=gtk --disable-dssi --with-java-home=/usr/lib/jvm/java-1.5.0-gcj-1.5.0.0/jre --enable-libgcj-multifile --enable-java-maintainer-mode --with-ecj-jar=/usr/share/java/eclipse-ecj.jar --disable-libjava-multilib --with-ppl --with-cloog --with-tune=generic --with-arch_32=i686 --build=x86_64-redhat-linux
Thread model: posix
gcc version 4.4.7 20120313 (Red Hat 4.4.7-18) (GCC) 
configure:7586: $? = 0
configure:7593: g++ -V >&5
g++: '-V' option must have argument
configure:7597: $? = 1
configure:7600: checking whether we are using the GNU C++ compiler
configure:7653: result: yes
configure:7662: checking whether g++ accepts -g
configure:7800: result: yes
configure:7825: checking dependency style of g++
configure:7935: result: gcc3
configure:7958: checking how to run the C++ preprocessor
configure:7994: g++ -E  conftest.cpp
configure:8001: $? = 0
configure:8032: g++ -E  conftest.cpp
conftest.cpp:21:28: error: ac_nonexistent.h: No such file or directory
configure:8039: $? = 1
configure: failed program was:
| /* confdefs.h.  */
| #define PACKAGE_NAME ""
| #define PACKAGE_TARNAME ""
| #define PACKAGE_VERSION ""
| #define PACKAGE_STRING ""
| #define PACKAGE_BUGREPORT ""
| #define PACKAGE "VBF"
| #define VERSION "0.3.4"
| #define STDC_HEADERS 1
| #define HAVE_SYS_TYPES_H 1
| #define HAVE_SYS_STAT_H 1
| #define HAVE_STDLIB_H 1
| #define HAVE_STRING_H 1
| #define HAVE_MEMORY_H 1
| #define HAVE_STRINGS_H 1
| #define HAVE_INTTYPES_H 1
| #define HAVE_STDINT_H 1
| #define HAVE_UNISTD_H 1
| #define HAVE_DLFCN_H 1
| /* end confdefs.h.  */
| #include <ac_nonexistent.h>
configure:8072: result: g++ -E
configure:8101: g++ -E  conftest.cpp
configure:8108: $? = 0
configure:8139: g++ -E  conftest.cpp
conftest.cpp:21:28: error: ac_nonexistent.h: No such file or directory
configure:8146: $? = 1
configure: failed program was:
| /* confdefs.h.  */
| #define PACKAGE_NAME ""
| #define PACKAGE_TARNAME ""
| #define PACKAGE_VERSION ""
| #define PACKAGE_STRING ""
| #define PACKAGE_BUGREPORT ""
| #define PACKAGE "VBF"
| #define VERSION "0.3.4"
| #define STDC_HEADERS 1
| #define HAVE_SYS_TYPES_H 1
| #define HAVE_SYS_STAT_H 1
| #define HAVE_STDLIB_H 1
| #define HAVE_STRING_H 1
| #define HAVE_MEMORY_H 1
| #define HAVE_STRINGS_H 1
| #define HAVE_INTTYPES_H 1
| #define HAVE_STDINT_H 1
| #define HAVE_UNISTD_H 1
| #define HAVE_DLFCN_H 1
| /* end confdefs.h.  */
| #include <ac_nonexistent.h>
configure:8360: checking for objdir
configure:8375: result: .libs
configure:8667: checking if gcc supports -fno-rtti -fno-exceptions
configure:8685: gcc -c -g -O2  -fno-rtti -fno-exceptions conftest.c >&5
cc1: warning: command line option "-fno-rtti" is valid for C++/ObjC++ but not for C
configure:8689: $? = 0
configure:8702: result: no
configure:8722: checking for gcc option to produce PIC
configure:8994: result: -fPIC -DPIC
configure:9006: checking if gcc PIC flag -fPIC -DPIC works
configure:9024: gcc -c -g -O2  -fPIC -DPIC -DPIC conftest.c >&5
configure:9028: $? = 0
configure:9041: result: yes
configure:9065: checking if gcc static flag -static works
configure:9093: result: no
configure:9108: checking if gcc supports -c -o file.o
configure:9129: gcc -c -g -O2  -o out/conftest2.o conftest.c >&5
configure:9133: $? = 0
configure:9155: result: yes
configure:9163: checking if gcc supports -c -o file.o
configure:9210: result: yes
configure:9243: checking whether the gcc linker (/usr/bin/ld -m elf_x86_64) supports shared libraries
configure:10317: result: yes
configure:10354: checking whether -lc should be explicitly linked in
configure:10359: gcc -c -g -O2  conftest.c >&5
configure:10362: $? = 0
configure:10377: gcc -shared conftest.o  -v -Wl,-soname -Wl,conftest -o conftest 2\>\&1 \| /bin/grep  -lc  \>/dev/null 2\>\&1
configure:10380: $? = 0
configure:10392: result: no
configure:10556: checking dynamic linker characteristics
configure:10999: gcc -o conftest -g -O2   -Wl,-rpath -Wl,/foo conftest.c  >&5
configure:11006: $? = 0
configure:11242: result: GNU/Linux ld.so
configure:11344: checking how to hardcode library paths into programs
configure:11369: result: immediate
configure:12202: checking whether stripping libraries is possible
configure:12207: result: yes
configure:12242: checking if libtool supports shared libraries
configure:12244: result: yes
configure:12247: checking whether to build shared libraries
configure:12268: result: yes
configure:12271: checking whether to build static libraries
configure:12275: result: yes
configure:12425: checking for ld used by g++
configure:12492: result: /usr/bin/ld -m elf_x86_64
configure:12501: checking if the linker (/usr/bin/ld -m elf_x86_64) is GNU ld
configure:12516: result: yes
configure:12571: checking whether the g++ linker (/usr/bin/ld -m elf_x86_64) supports shared libraries
configure:13546: result: yes
configure:13574: g++ -c -g -O2  conftest.cpp >&5
configure:13577: $? = 0
configure:13759: checking for g++ option to produce PIC
configure:14076: result: -fPIC -DPIC
configure:14085: checking if g++ PIC flag -fPIC -DPIC works
configure:14103: g++ -c -g -O2  -fPIC -DPIC -DPIC conftest.cpp >&5
configure:14107: $? = 0
configure:14120: result: yes
configure:14141: checking if g++ static flag -static works
configure:14169: result: no
configure:14181: checking if g++ supports -c -o file.o
configure:14202: g++ -c -g -O2  -o out/conftest2.o conftest.cpp >&5
configure:14206: $? = 0
configure:14228: result: yes
configure:14233: checking if g++ supports -c -o file.o
configure:14280: result: yes
configure:14310: checking whether the g++ linker (/usr/bin/ld -m elf_x86_64) supports shared libraries
configure:14336: result: yes
configure:14473: checking dynamic linker characteristics
configure:14864: g++ -o conftest -g -O2   -Wl,-rpath -Wl,/foo conftest.cpp  >&5
configure:14871: $? = 0
configure:15107: result: GNU/Linux ld.so
configure:15158: checking how to hardcode library paths into programs
configure:15183: result: immediate
configure:15276: checking stdio.h usability
configure:15293: g++ -c -g -O2  conftest.cpp >&5
configure:15300: $? = 0
configure:15314: result: yes
configure:15318: checking stdio.h presence
configure:15333: g++ -E  conftest.cpp
configure:15340: $? = 0
configure:15354: result: yes
configure:15382: checking for stdio.h
configure:15391: result: yes
configure:15265: checking for stdlib.h
configure:15272: result: yes
configure:15265: checking for string.h
configure:15272: result: yes
configure:15265: checking for inttypes.h
configure:15272: result: yes
configure:15265: checking for unistd.h
configure:15272: result: yes
configure:15416: checking for strings.h
configure:15423: result: yes
configure:15427: checking sys/uio.h usability
configure:15444: g++ -c -g -O2  conftest.cpp >&5
configure:15451: $? = 0
configure:15465: result: yes
configure:15469: checking sys/uio.h presence
configure:15484: g++ -E  conftest.cpp
configure:15491: $? = 0
configure:15505: result: yes
configure:15533: checking for sys/uio.h
configure:15542: result: yes
configure:15427: checking arpa/inet.h usability
configure:15444: g++ -c -g -O2  conftest.cpp >&5
configure:15451: $? = 0
configure:15465: result: yes
configure:15469: checking arpa/inet.h presence
configure:15484: g++ -E  conftest.cpp
configure:15491: $? = 0
configure:15505: result: yes
configure:15533: checking for arpa/inet.h
configure:15542: result: yes
configure:15588: checking for special C compiler options needed for large files
configure:15683: result: no
configure:15689: checking for _FILE_OFFSET_BITS value needed for large files
configure:15724: g++ -c -g -O2 -fno-strict-aliasing  conftest.cpp >&5
configure:15731: $? = 0
configure:15800: result: no
configure:15938: checking for zlib
configure:15962: g++ -o conftest -g -O2 -fno-strict-aliasing   conftest.cpp -lz  >&5
configure:15969: $? = 0
configure:15978: result: yes
configure:16003: checking for libbzip2
configure:16027: g++ -o conftest -g -O2 -fno-strict-aliasing   conftest.cpp -lbz2  >&5
conftest.cpp:32:23: error: bzlib.h: No such file or directory
conftest.cpp: In function 'int main()':
conftest.cpp:34: error: 'NULL' was not declared in this scope
conftest.cpp:34: error: 'BZ2_bzCompress' was not declared in this scope
configure:16034: $? = 1
configure: failed program was:
| /* confdefs.h.  */
| #define PACKAGE_NAME ""
| #define PACKAGE_TARNAME ""
| #define PACKAGE_VERSION ""
| #define PACKAGE_STRING ""
| #define PACKAGE_BUGREPORT ""
| #define PACKAGE "VBF"
| #define VERSION "0.3.4"
| #define STDC_HEADERS 1
| #define HAVE_SYS_TYPES_H 1
| #define HAVE_SYS_STAT_H 1
| #define HAVE_STDLIB_H 1
| #define HAVE_STRING_H 1
| #define HAVE_MEMORY_H 1
| #define HAVE_STRINGS_H 1
| #define HAVE_INTTYPES_H 1
| #define HAVE_STDINT_H 1
| #define HAVE_UNISTD_H 1
| #define HAVE_DLFCN_H 1
| #define LT_OBJDIR ".libs/"
| #define HAVE_STDIO_H 1
| #define HAVE_STDLIB_H 1
| #define HAVE_STRING_H 1
| #define HAVE_INTTYPES_H 1
| #define HAVE_UNISTD_H 1
| #define HAVE_STRINGS_H 1
| #define HAVE_SYS_UIO_H 1
| #define HAVE_ARPA_INET_H 1
| #define HAVE_GZIP 1
| /* end confdefs.h.  */
| 
|     #include <bzlib.h>
|     int main() {
|         BZ2_bzCompress(NULL, 0);
|         return 0;
|     }
| 
configure:16057: result: no
configure:16076: checking whether build environment is sane
configure:16136: result: yes
configure:16315: creating ./config.status

## ---------------------- ##
## Running config.status. ##
## ---------------------- ##

This file was extended by config.status, which was
generated by GNU Autoconf 2.63.  Invocation command line was

  CONFIG_FILES    = 
  CONFIG_HEADERS  = 
  CONFIG_LINKS    = 
  CONFIG_COMMANDS = 
  $ ./config.status 

on ui.cta.camk.edu.pl

config.status:977: creating Makefile
config.status:977: creating VBF.pc
config.status:977: creating VBF/Makefile
config.status:977: creating vbfTools/Makefile
config.status:977: creating scripts/Makefile
config.status:1188: executing depfiles commands
config.status:1188: executing libtool commands

## ---------------- ##
## Cache variables. ##
## ---------------- ##

ac_cv_build=x86_64-unknown-linux-gnu
ac_cv_c_compiler_gnu=yes
ac_cv_cxx_compiler_gnu=yes
ac_cv_env_CCC_set=
ac_cv_env_CCC_value=
ac_cv_env_CC_set=
ac_cv_env_CC_value=
ac_cv_env_CFLAGS_set=
ac_cv_env_CFLAGS_value=
ac_cv_env_CPPFLAGS_set=
ac_cv_env_CPPFLAGS_value=
ac_cv_env_CPP_set=
ac_cv_env_CPP_value=
ac_cv_env_CXXCPP_set=
ac_cv_env_CXXCPP_value=
ac_cv_env_CXXFLAGS_set=
ac_cv_env_CXXFLAGS_value=
ac_cv_env_CXX_set=
ac_cv_env_CXX_value=
ac_cv_env_LDFLAGS_set=
ac_cv_env_LDFLAGS_value=
ac_cv_env_LIBS_set=
ac_cv_env_LIBS_value=
ac_cv_env_build_alias_set=
ac_cv_env_build_alias_value=
ac_cv_env_host_alias_set=
ac_cv_env_host_alias_value=
ac_cv_env_target_alias_set=
ac_cv_env_target_alias_value=
ac_cv_header_arpa_inet_h=yes
ac_cv_header_dlfcn_h=yes
ac_cv_header_inttypes_h=yes
ac_cv_header_memory_h=yes
ac_cv_header_stdc=yes
ac_cv_header_stdint_h=yes
ac_cv_header_stdio_h=yes
ac_cv_header_stdlib_h=yes
ac_cv_header_string_h=yes
ac_cv_header_strings_h=yes
ac_cv_header_sys_stat_h=yes
ac_cv_header_sys_types_h=yes
ac_cv_header_sys_uio_h=yes
ac_cv_header_unistd_h=yes
ac_cv_host=x86_64-unknown-linux-gnu
ac_cv_objext=o
ac_cv_path_EGREP='/bin/grep -E'
ac_cv_path_FGREP='/bin/grep -F'
ac_cv_path_GREP=/bin/grep
ac_cv_path_SED=/bin/sed
ac_cv_path_install='/usr/bin/install -c'
ac_cv_path_mkdir=/bin/mkdir
ac_cv_prog_AWK=gawk
ac_cv_prog_CPP='gcc -E'
ac_cv_prog_CXXCPP='g++ -E'
ac_cv_prog_ac_ct_AR=ar
ac_cv_prog_ac_ct_CC=gcc
ac_cv_prog_ac_ct_CXX=g++
ac_cv_prog_ac_ct_OBJDUMP=objdump
ac_cv_prog_ac_ct_RANLIB=ranlib
ac_cv_prog_ac_ct_STRIP=strip
ac_cv_prog_cc_c89=
ac_cv_prog_cc_g=yes
ac_cv_prog_cxx_g=yes
ac_cv_prog_make_make_set=yes
ac_cv_sys_file_offset_bits=no
ac_cv_sys_largefile_CC=no
am_cv_CC_dependencies_compiler_type=gcc3
am_cv_CXX_dependencies_compiler_type=gcc3
lt_cv_deplibs_check_method=pass_all
lt_cv_file_magic_cmd='$MAGIC_CMD'
lt_cv_file_magic_test_file=
lt_cv_ld_reload_flag=-r
lt_cv_nm_interface='BSD nm'
lt_cv_objdir=.libs
lt_cv_path_LD=/usr/bin/ld
lt_cv_path_LDCXX='/usr/bin/ld -m elf_x86_64'
lt_cv_path_NM='/usr/bin/nm -B'
lt_cv_prog_compiler_c_o=yes
lt_cv_prog_compiler_c_o_CXX=yes
lt_cv_prog_compiler_pic_works=yes
lt_cv_prog_compiler_pic_works_CXX=yes
lt_cv_prog_compiler_rtti_exceptions=no
lt_cv_prog_compiler_static_works=no
lt_cv_prog_compiler_static_works_CXX=no
lt_cv_prog_gnu_ld=yes
lt_cv_prog_gnu_ldcxx=yes
lt_cv_sys_global_symbol_pipe='sed -n -e '\''s/^.*[	 ]\([ABCDGIRSTW][ABCDGIRSTW]*\)[	 ][	 ]*\([_A-Za-z][_A-Za-z0-9]*\)$/\1 \2 \2/p'\'''
lt_cv_sys_global_symbol_to_c_name_address='sed -n -e '\''s/^: \([^ ]*\) $/  {\"\1\", (void *) 0},/p'\'' -e '\''s/^[ABCDGIRSTW]* \([^ ]*\) \([^ ]*\)$/  {"\2", (void *) \&\2},/p'\'''
lt_cv_sys_global_symbol_to_c_name_address_lib_prefix='sed -n -e '\''s/^: \([^ ]*\) $/  {\"\1\", (void *) 0},/p'\'' -e '\''s/^[ABCDGIRSTW]* \([^ ]*\) \(lib[^ ]*\)$/  {"\2", (void *) \&\2},/p'\'' -e '\''s/^[ABCDGIRSTW]* \([^ ]*\) \([^ ]*\)$/  {"lib\2", (void *) \&\2},/p'\'''
lt_cv_sys_global_symbol_to_cdecl='sed -n -e '\''s/^T .* \(.*\)$/extern int \1();/p'\'' -e '\''s/^[ABCDGIRSTW]* .* \(.*\)$/extern char \1;/p'\'''
lt_cv_sys_max_cmd_len=1966080

## ----------------- ##
## Output variables. ##
## ----------------- ##

ACLOCAL='${SHELL} /home/ialsamar/GORCA_V5.0/CARE_SST1M/VBF-0.3.4/missing --run aclocal-1.11'
AMDEPBACKSLASH='\'
AMDEP_FALSE='#'
AMDEP_TRUE=''
AMTAR='${SHELL} /home/ialsamar/GORCA_V5.0/CARE_SST1M/VBF-0.3.4/missing --run tar'
AM_CFLAGS='-Wall '
AM_CPPFLAGS=''
AM_CXXFLAGS='-Wall '
AM_LDFLAGS=''
AR='ar'
AUTOCONF='${SHELL} /home/ialsamar/GORCA_V5.0/CARE_SST1M/VBF-0.3.4/missing --run autoconf'
AUTOHEADER='${SHELL} /home/ialsamar/GORCA_V5.0/CARE_SST1M/VBF-0.3.4/missing --run autoheader'
AUTOMAKE='${SHELL} /home/ialsamar/GORCA_V5.0/CARE_SST1M/VBF-0.3.4/missing --run automake-1.11'
AWK='gawk'
CC='gcc'
CCDEPMODE='depmode=gcc3'
CFLAGS='-g -O2 -fno-strict-aliasing'
CPP='gcc -E'
CPPFLAGS=''
CXX='g++'
CXXCPP='g++ -E'
CXXDEPMODE='depmode=gcc3'
CXXFLAGS='-g -O2 -fno-strict-aliasing'
CYGPATH_W='echo'
DEFS='-DPACKAGE_NAME=\"\" -DPACKAGE_TARNAME=\"\" -DPACKAGE_VERSION=\"\" -DPACKAGE_STRING=\"\" -DPACKAGE_BUGREPORT=\"\" -DPACKAGE=\"VBF\" -DVERSION=\"0.3.4\" -DSTDC_HEADERS=1 -DHAVE_SYS_TYPES_H=1 -DHAVE_SYS_STAT_H=1 -DHAVE_STDLIB_H=1 -DHAVE_STRING_H=1 -DHAVE_MEMORY_H=1 -DHAVE_STRINGS_H=1 -DHAVE_INTTYPES_H=1 -DHAVE_STDINT_H=1 -DHAVE_UNISTD_H=1 -DHAVE_DLFCN_H=1 -DLT_OBJDIR=\".libs/\" -DHAVE_STDIO_H=1 -DHAVE_STDLIB_H=1 -DHAVE_STRING_H=1 -DHAVE_INTTYPES_H=1 -DHAVE_UNISTD_H=1 -DHAVE_STRINGS_H=1 -DHAVE_SYS_UIO_H=1 -DHAVE_ARPA_INET_H=1 -DHAVE_GZIP=1'
DEPDIR='.deps'
DSYMUTIL=''
DUMPBIN=''
ECHO_C=''
ECHO_N='-n'
ECHO_T=''
EGREP='/bin/grep -E'
EXEEXT=''
FGREP='/bin/grep -F'
GREP='/bin/grep'
INSTALL_DATA='${INSTALL} -m 644'
INSTALL_PROGRAM='${INSTALL}'
INSTALL_SCRIPT='${INSTALL}'
INSTALL_STRIP_PROGRAM='$(install_sh) -c -s'
LD='/usr/bin/ld -m elf_x86_64'
LDFLAGS=''
LIBOBJS=''
LIBS=''
LIBTOOL='$(SHELL) $(top_builddir)/libtool'
LIPO=''
LN_S='ln -s'
LTLIBOBJS=''
MAKEINFO='${SHELL} /home/ialsamar/GORCA_V5.0/CARE_SST1M/VBF-0.3.4/missing --run makeinfo'
MKDIR_P='/bin/mkdir -p'
NM='/usr/bin/nm -B'
NMEDIT=''
OBJDUMP='objdump'
OBJEXT='o'
OTOOL64=''
OTOOL=''
PACKAGE='VBF'
PACKAGE_BUGREPORT=''
PACKAGE_NAME=''
PACKAGE_STRING=''
PACKAGE_TARNAME=''
PACKAGE_VERSION=''
PATH_SEPARATOR=':'
RANLIB='ranlib'
SED='/bin/sed'
SET_MAKE=''
SHELL='/bin/sh'
STRIP='strip'
VERSION='0.3.4'
XTRA_CPPFLAGS=''
XTRA_LDFLAGS=''
XTRA_LIBS='-lz '
ac_ct_CC='gcc'
ac_ct_CXX='g++'
ac_ct_DUMPBIN=''
am__EXEEXT_FALSE=''
am__EXEEXT_TRUE='#'
am__fastdepCC_FALSE='#'
am__fastdepCC_TRUE=''
am__fastdepCXX_FALSE='#'
am__fastdepCXX_TRUE=''
am__include='include'
am__isrc=''
am__leading_dot='.'
am__quote=''
am__tar='${AMTAR} chof - "$$tardir"'
am__untar='${AMTAR} xf -'
bindir='${exec_prefix}/bin'
build='x86_64-unknown-linux-gnu'
build_alias=''
build_cpu='x86_64'
build_os='linux-gnu'
build_vendor='unknown'
datadir='${datarootdir}'
datarootdir='${prefix}/share'
docdir='${datarootdir}/doc/${PACKAGE}'
dvidir='${docdir}'
exec_prefix='${prefix}'
host='x86_64-unknown-linux-gnu'
host_alias=''
host_cpu='x86_64'
host_os='linux-gnu'
host_vendor='unknown'
htmldir='${docdir}'
includedir='${prefix}/include'
infodir='${datarootdir}/info'
install_sh='${SHELL} /home/ialsamar/GORCA_V5.0/CARE_SST1M/VBF-0.3.4/install-sh'
libdir='${exec_prefix}/lib'
libexecdir='${exec_prefix}/libexec'
localedir='${datarootdir}/locale'
localstatedir='${prefix}/var'
lt_ECHO='echo'
mandir='${datarootdir}/man'
mkdir_p='/bin/mkdir -p'
oldincludedir='/usr/include'
pdfdir='${docdir}'
prefix='/home/ialsamar/GORCA_V5.0/CARE_SST1M/VBF-0.3.4/lib'
program_transform_name='s,x,x,'
psdir='${docdir}'
sbindir='${exec_prefix}/sbin'
sharedstatedir='${prefix}/com'
sysconfdir='${prefix}/etc'
target_alias=''

## ----------- ##
## confdefs.h. ##
## ----------- ##

#define PACKAGE_NAME ""
#define PACKAGE_TARNAME ""
#define PACKAGE_VERSION ""
#define PACKAGE_STRING ""
#define PACKAGE_BUGREPORT ""
#define PACKAGE "VBF"
#define VERSION "0.3.4"
#define STDC_HEADERS 1
#define HAVE_SYS_TYPES_H 1
#define HAVE_SYS_STAT_H 1
#define HAVE_STDLIB_H 1
#define HAVE_STRING_H 1
#define HAVE_MEMORY_H 1
#define HAVE_STRINGS_H 1
#define HAVE_INTTYPES_H 1
#define HAVE_STDINT_H 1
#define HAVE_UNISTD_H 1
#define HAVE_DLFCN_H 1
#define LT_OBJDIR ".libs/"
#define HAVE_STDIO_H 1
#define HAVE_STDLIB_H 1
#define HAVE_STRING_H 1
#define HAVE_INTTYPES_H 1
#define HAVE_UNISTD_H 1
#define HAVE_STRINGS_H 1
#define HAVE_SYS_UIO_H 1
#define HAVE_ARPA_INET_H 1
#define HAVE_GZIP 1

configure: exit 0
