S 0 1 0.300000 0.000000 -0.000000 0.000000 -0.000000 0.000000 0.000000
P 26    69   126.3
P 32     7   126.8
P 32     4   125.8
P 18     6   127.0
P 32     7   126.2
P 18     6   126.2
P 33    77   126.5
P 19    75   128.0
P 19    75   126.8
P 19   165   126.7
P 18     6   126.5
P 18     6   125.8
P 18     6   127.2
P 19    75   126.9
P 18     6   125.8
P 19   165   126.8
P 18     6   125.7
P 18     6   125.8
P 18     6   125.7
P 31   166   127.5
P 24   158   126.4
P 24   158   126.7
P 24   158   126.2
P 24   158   127.0
P 28   515   134.1
P 35   523   135.3
P 35   523   136.2
P 33   167   126.8
P 33   167   127.5
P 13   361   135.4
P 20   259   129.7
P 20   259   129.8
P 14   537   139.8
P 24    68   126.7
P 24    68   127.1
P 17    74   127.1
P 17    74   127.7
P 17    74   127.4
P 17    74   127.5
P 25     1   125.3
P 25     1   125.3
P 17    74   126.5
P 16   254   128.9
P 16   254   129.0
P 17    74   126.3
P 17    74   126.8
P 17    74   126.6
P 22   428   132.3
P 22   428   132.2
P 16   258   129.9
P 16   258   129.0
P 17     8   127.7
P 22   514   133.2
P 22   430   132.2
P 31    10   127.2
P 48   637   151.2
P 16   352   128.6
P 18   169   129.0
P 25   249   126.8
P 25   249   125.6
P 32   265   127.8
P 27   847   139.7
P 34   781   141.7
P 26   515   131.6
P 18   263   128.3
P 41   879   148.3
P 18   263   128.4
P 24     1   125.3
P  9   274   134.9
P  8   540   140.1
P 48  1055   163.4
P 22   514   133.6
P 23   250   126.8
P 39   277   133.0
P 30   260   129.1
P 40   543   139.2
P 35  1081   159.2
P 27   849   143.9
P 27   849   143.2
P  1   560   150.7
P  9   278   135.4
P  9   278   136.1
P 23   162   129.4
P 23   162   128.8
P 12   713   146.4
P 23   248   128.0
P 32    81   127.6
P 22   514   132.2
P 17     8   127.5
P 15   438   134.5
P 30   260   128.9
P 30   260   129.6
P 46   195   138.5
P 48   637   149.5
P  3    32   146.4
P 30   256   128.3
P 30   260   129.0
P 19   443   134.5
P 19   443   134.3
P 33   441   131.4
P  4   201   144.7
P  6   725   156.9
P  4   201   145.5
P  6   725   156.5
P 14   955   159.2
P 11   279   138.9
P 18   169   127.9
P 31    10   127.3
P 18   169   129.1
P 10    20   131.9
P 10    20   132.6
P  8   540   139.7
P 22   514   132.7
P  2   286   143.3
P 23   248   128.1
P 16   258   128.9
P 24    68   126.1
P 10    90   131.5
P 12   451   136.2
P 24    68   126.0
P 12   451   136.2
P 44   100   149.0
P 18   173   126.1
P 19   697   132.5
P 19   697   132.2
P 24   260   126.7
P 46   207   144.5
P 48   727   155.3
P 18    79   127.9
P 32    77   126.3
P 17    74   127.8
P 24    68   125.9
P 24    68   126.2
P 16   168   129.2
P 39    89   130.5
P 37   268   133.7
P 11   663   161.8
P 11   745   161.6
P 45   100   138.0
P 38    92   131.0
P 39   183   130.9
P 39   183   131.1
P 23   250   127.4
P 24     2   126.3
P 24     2   126.0
P 25   161   126.9
P 37   362   132.8
P 37   362   133.1
P 26   431   131.3
P 23   250   129.1
P 16   356   131.9
P 23   340   128.4
P 25   161   126.9
P 39   183   132.1
P 39   273   132.1
P 18   177   130.1
P 16   266   130.6
P 18   177   130.1
P 17    14   128.7
P 17    14   128.7
P 31    10   126.5
P  9   368   138.4
P  1   646   154.5
P 15   622   139.7
P 30   256   129.5
P 33   257   129.0
P 23   248   127.5
P 24    68   126.7
P 24    68   125.5
P 43   452   141.8
P 45    22   135.5
P 45    92   135.5
P 22   428   132.6
P 29   350   135.1
P 37   272   135.1
P  8   446   138.3
P  8   446   137.6
P 46   264   151.1
P 37   264   131.5
P 36   444   136.9
P 15   524   138.4
P 24    68   126.0
P 18     6   126.9
P 27   249   129.0
P 27   249   129.4
P 18     6   127.1
P 18     3   126.5
P 18     6   127.0
P 22   338   131.8
P 30   256   129.7
P 24    68   125.8
P 30   256   130.2
P 22   428   131.5
P 22   338   132.2
P 24    69   127.9
P 18   259   130.6
P  5   459   147.7
P  7   877   166.2
P 43   374   145.0
P 22   338   131.8
P 33   527   138.2
P 29   350   134.0
P 37   178   133.6
P 31    10   128.9
P 31    10   128.0
P  9   176   132.8
P  4    95   136.7
P 31   338   139.8
P 45   276   147.3
P 12   173   131.6
P 12   173   131.0
P 41   261   133.6
P 47   276   147.9
P 39   530   146.6
P 34     1   137.5
P 34     1   137.5
P 18     6   127.3
P 31    76   127.0
P 31    76   127.7
P 18     6   126.9
P 18     6   126.3
P 26   159   127.4
P 26   159   126.3
P 26   159   127.3
P 26   159   127.4
P 26   159   126.1
P 26   159   126.3
P 31   166   126.3
P 26   159   127.2
P 26   159   126.3
P 31   166   127.2
P 31   166   127.4
P 26   159   127.0
P 26   159   126.5
P 26   159   127.4
P 32     7   125.9
P 32     7   126.9
P 26   159   126.9
P 26   159   126.6
P  2   368   140.6
P  4    24   136.5
P 18     6   126.6
P 17    74   127.3
P 18     6   125.9
P 31    76   127.6
P 31    76   127.6
P 30   256   129.0
P 15   434   134.1
P 22   428   133.6
P 15   434   134.5
P 22   428   132.2
P  2   274   138.8
P 16   254   129.7
P 11    87   130.3
P 11    87   130.2
P 25    73   128.0
P 26   343   131.7
P 17    74   126.8
P 17    74   126.5
P  4   189   137.3
P 27   605   137.4
P  9  1098   163.4
P 17   692   145.9
P 42   879   158.7
P 34   621   142.3
P 24    76   127.3
P 17     2   127.6
P 36   546   145.3
P  2   380   143.9
P 33   539   136.2
P 45    34   141.9
P 45    34   142.5
P 12   451   137.9
P  3    26   138.0
P 13   791   149.0
P 13   791   148.5
P  9   266   131.9
P 15   434   134.0
P 17    74   126.7
P 17    74   126.5
P 16   254   129.2
P 22   428   132.3
P 29   440   135.2
P 38    92   131.5
P 38    19   132.3
P 45    28   138.9
P 39   183   132.9
P 31    10   128.1
P 33   351   131.8
P 18   173   128.8
P 18   169   127.9
P 25   159   126.7
P 25   159   127.5
P 36   452   139.3
P 36   624   140.2
P 39   183   133.3
P 48   723   152.2
P 33   437   131.6
P 25   159   127.2
P 37   272   134.7
P 22   514   132.5
P 24     1   126.0
P 40   453   137.1
P 48   637   152.7
P 48   637   151.7
P 36   538   139.2
P 38    19   131.7
P 38    19   132.6
P 38    19   132.6
P 40   543   139.4
P 26   253   129.5
P 23   248   127.5
P 29   534   137.4
P 29   534   135.9
P 15   520   133.9
P 15   520   133.8
P 37   264   133.3
P 37   264   133.0
P 39    13   130.8
P  3    90   134.8
P 12   173   131.5
P 17    74   127.3
P 12   173   131.5
P 12   173   131.6
P 21   521   136.8
P 32     7   126.2
P 16   254   130.0
P 22   428   133.9
P 10    86   131.7
P 19   169   130.1
P 12   177   132.5
P 31    76   128.4
P 42   621   144.8
P 39    17   131.4
P 32    17   127.3
P  5   381   141.8
P 19   259   128.7
P 24   256   124.8
P 17   352   125.8
P 17   352   125.8
P 17   262   126.6
P 17   262   126.8
P 25    77   123.7
P 25   167   124.4
P 25   167   124.2
P 17   352   125.5
P 17   352   126.5
P 11   107   132.0
P 19   615   130.3
P 25    81   123.3
P 19   697   129.2
P 25    81   123.9
P 25    81   124.2
P 25    81   123.8
P 19   697   128.9
P 26   613   128.3
P 26   613   129.9
P 26   613   129.6
P 13  1111   149.3
P 20  1083   141.3
P 12   643   137.7
P 12   643   137.4
P 19   615   129.0
P 38   676   152.2
P 16   696   133.0
P 10   282   132.2
P  9   716   139.6
P 18   173   124.3
P 18   173   124.2
P 18   173   125.0
P 24   256   125.0
P 24   346   124.3
P 16   696   132.2
P 10   282   132.2
P  2   744   151.9
P 13  1111   148.7
P 19   615   130.1
P 12   647   137.0
P 11    33   133.5
P 25    17   125.1
P 11    36   132.7
P 17   524   128.6
P 11    36   133.1
P 17   524   129.7
P 27  1159   142.0
P 27  1159   141.8
P  5   671   152.8
P 32   117   130.9
P 32   117   131.5
P 27  1213   143.5
P 12   643   137.5
P  5   667   152.0
P 10   462   135.6
P 20  1083   141.7
P 24   346   126.0
P 18    83   124.1
P 32   101   128.9
P 26   523   127.9
P 19   529   128.3
P 26   523   128.3
P 26   523   128.5
P 40   575   144.9
P 32    29   130.1
P 32    29   129.9
P 32    29   129.9
P 32    29   128.5
P 33   551   133.5
P 33   551   133.2
P 34  1035   144.2
P 17   352   126.5
P 17   442   125.9
P 24   346   126.0
P 17   352   126.7
P 24   346   125.0
P 24   346   125.5
P 17   356   126.0
P 17   352   127.0
P 17   442   126.7
P 19   615   129.1
P 25    11   122.7
P 19   615   129.3
P 37   988   153.8
P 31   374   132.6
P 20  1087   142.0
P 27  1143   139.5
P 20  1087   140.6
P 18    15   124.1
P 20  1087   141.2
P 34  1113   147.7
P 27  1155   139.9
P 27  1151   140.6
P 11    45   135.3
P 17   262   126.1
P 32    17   127.6
P 32    17   126.8
P 19   349   128.1
P 13   713   140.0
P 32    85   126.8
P 24   162   124.5
P 32    17   126.7
P 31   178   127.9
P 31   178   127.2
P 17   262   126.0
P 18    83   126.2
P 23   682   130.9
P 23   686   129.8
P 17   180   127.5
P 22  1134   142.9
P 17   180   127.6
P 16   704   132.8
P 49   895   162.6
P 24   162   125.3
P 24   162   125.4
P 16   348   130.1
P 16   348   130.2
P 29   612   137.3
P 17    14   139.5
P 44   370   148.6
P 44   370   148.6
P 38   182   133.1
P 38   182   132.9
P 42   707   146.9
P 24   158   125.7
P 44   374   144.2
P 32    85   127.1
P 23   514   130.5
P 32    85   126.8
P 26   339   126.6
P 23   428   128.9
P 46    29   139.4
P 26   249   127.1
P 26   249   126.6
P 32    11   127.2
P 27   429   130.9
P 27   429   131.2
P 42   621   143.8
P 42   621   143.9
P 26   249   126.7
P 32    11   126.9
P 26   249   127.4
P 31    80   127.2
P 32    11   126.2
P 17    78   126.9
P 26   249   127.0
P 26   249   127.3
P 26   249   126.0
P 26   249   127.3
P 26   249   127.4
P 19   259   127.7
P 19   169   128.1
P 14   705   145.3
P 25     1   125.9
P 25     1   125.6
P 26   249   126.0
P 26   249   127.5
P  5   287   141.7
P 13   455   138.7
P 13   455   138.9
P  5   287   141.0
P 13   537   137.9
P  5   287   141.6
P  7   803   154.8
P 12   271   133.3
P 17   258   129.4
P 16   430   138.2
P 16   430   138.3
P  8   782   150.4
P 48   735   154.1
P 31   264   127.3
P 40   375   134.7
P 13   717   143.0
P  6   463   144.2
P 25     1   125.5
P  8   532   140.3
P  8   532   141.1
P  2   368   141.3
P 33   257   127.0
P 31   166   127.6
P 31   166   126.4
P 18     9   126.8
P 18     9   126.1
P 26   249   126.1
P 18     9   125.8
P 26   249   126.0
P 31   166   127.8
P 18     9   126.2
P 18     9   127.3
P 18     9   126.5
P 16   348   132.0
P 11    91   130.9
P  2   372   142.9
P 23   428   130.6
P 32    11   126.2
P 45   198   140.3
P 22   514   135.2
P 16   348   131.1
P 16   348   131.9
P 33   261   127.9
P 38   272   132.0
P 33   261   128.3
P 30   526   131.2
P 39    23   130.1
P 37   542   136.5
P 39    23   129.9
P 39    23   129.5
P 36   792   146.2
P 24   160   126.1
P  5   291   145.7
P 29   858   139.6
P 29   858   140.2
P 22   864   141.7
P 22   864   141.7
P 22   852   140.9
P 33   171   128.3
P 14   533   142.1
P 27   429   130.5
P 32     7   127.1
P 45    96   136.0
P 28   515   136.8
P 11    15   129.5
P 11    15   129.6
P 11    12   130.7
P 18     6   126.8
P  2   274   138.9
P  2   274   139.2
P 30   436   135.9
P 32    76   128.7
P 29   690   144.2
P 34   441   132.1
P 34   437   132.0
P 34   441   133.1
P 34   441   132.0
P 31   170   127.1
P 29   608   137.9
P 26   249   127.4
P 26   249   126.2
P 18     9   126.1
P 23   428   130.1
P 23   428   129.1
P 31   170   126.2
P 31   170   127.2
P 31   170   127.7
P 11    21   131.5
P 10   184   133.0
P 25    69   124.4
P 16   442   132.1
P 16   442   132.0
P 23   428   129.2
P 23   514   129.3
P 23   514   129.1
P 23   514   130.2
P 23   514   130.1
P 23   514   129.8
P 32    85   125.8
P 32    85   126.9
P 19   353   128.7
P 11    99   132.4
P 25    69   124.0
P  5   475   146.1
P  3   294   143.2
P 10   270   134.6
P 22  1014   149.6
P 32    85   125.9
P 43   816   159.4
P 22   846   140.2
P 22   846   140.6
P 27   683   134.1
P 16   614   132.0
P 16   614   131.9
P 24   162   124.3
P 19   529   129.8
P 19   529   131.1
P 28  1139   152.2
P 14  1169   161.3
P 14  1169   160.8
P 23   518   129.7
P 18   173   125.2
P 18   173   126.5
P 20   861   140.7
P 20   861   139.2
P  7  1251   172.0
P 14  1169   161.8
P 17   168   126.4
P 25    69   124.6
P 17   168   127.1
P 27   601   134.6
P 27   601   134.0
P 35   941   147.5
P 19   353   130.1
P 19   353   129.3
P 24   158   124.6
P 42   793   148.1
P 32    85   125.8
P 18    83   126.4
P 18    83   126.0
P 23   514   130.6
P 30   530   131.7
P 30   530   132.0
P 30   530   132.2
P 30   530   131.6
P 30   530   131.7
P 30   530   132.5
P 29   862   141.1
P 30   530   131.1
P 16   532   131.6
P 29   862   140.5
P 36   882   147.5
P 36   800   147.5
P 36   882   147.9
P 46    35   141.1
P 33   355   128.8
P 46    35   141.0
P 39   101   130.9
P 43   902   159.2
P 43   902   159.7
P 30   440   131.8
P 45    46   146.1
P 43  1120   164.8
P 45    41   151.1
P 32   607   143.5
P 32   525   144.8
P 40  1089   157.2
P 40  1195   159.2
P 40  1195   159.6
P 30   530   131.6
P 39   101   132.3
P 39   101   131.5
P 30   530   131.1
P 30   530   131.3
P 32    85   126.8
P 39   101   132.3
P 48   821   158.8
P 32   572   160.7
P 32   572   160.5
P 24   160   125.2
P 24   160   124.4
P 39   105   131.9
P 39   105   132.1
P 31   264   126.6
P 31   264   126.2
P 32   175   126.2
P 32   175   125.3
P 32   175   125.5
P 34   863   140.4
P 41   883   146.0
P 19   541   132.6
P 27   849   138.8
P 48   903   156.7
P 33   523   129.9
P 23   602   129.5
P 38   194   132.4
P 17   172   127.3
P 18    83   126.7
P 17   172   127.7
P 38   190   132.8
P 23   514   130.4
P 23   514   130.2
P 23   514   129.3
P 23   514   130.3
P 18    83   126.4
P 18    83   126.0
P 23   514   130.3
P 10   188   134.1
P 23   514   130.3
P 18    83   126.2
P  4   115   143.0
P  4   115   143.2
P 16   528   131.9
P 16   528   132.6
P  8   876   147.1
P  8   876   147.7
P 12   459   135.4
P 12   459   136.1
P 19   443   129.7
P 46   121   145.4
P 40   547   136.8
P 25    79   127.5
P 22   938   149.2
P 24   258   127.2
P 24   258   128.4
P 11   221   146.1
P 17   282   133.5
P 10   310   146.7
P 16   798   140.5
P 15  1230   155.9
P 18     9   126.5
P 31   170   126.3
P 40   273   132.1
P 46    29   138.6
P 42   871   147.8
P 41   625   138.7
P 16   348   131.2
P 24   158   126.3
P 24   158   126.3
P 24   158   125.4
P 24   158   125.8
P 45   202   142.7
P 45   202   142.9
P 11   103   132.8
P 11   103   133.7
P 23   600   130.8
P 30   534   133.4
P 23   600   130.9
P 30   534   133.2
P 23   600   130.8
P 17   168   126.8
P 32    17   127.5
P 32    17   127.5
P 30   534   134.1
P 39   105   136.1
P 31   178   129.3
P 20   771   138.4
P  3   294   141.5
P  3   294   141.0
P  9   540   135.9
P  9   540   136.8
P  9   540   137.3
P 11    91   130.0
P 10   184   131.6
P 10   184   130.9
P  9   540   137.4
P 24   170   127.1
P 17   168   125.9
P 31   280   132.2
P 17   168   126.9
P 23   526   131.8
P  9   630   136.5
P  9   630   137.2
P  8   950   147.8
P 24   170   126.7
P 25   171   128.1
P 40   747   155.1
P  3   212   143.5
P  3   212   143.0
P 10   184   131.7
P 10   184   130.8
P 10   184   131.5
P 23   526   131.5
P  9   630   136.2
P  9   630   136.1
P  9   540   136.5
P  9   626   136.5
P 10   184   131.9
P  8   950   148.5
P  3   290   141.3
P 10   262   133.7
P  9   778   139.8
P  9   778   140.0
P  2   556   146.4
P 16   438   130.7
P  8   954   148.5
P  8   954   148.9
P 10   278   132.0
P 10   278   131.2
P 21  1145   154.5
P 21  1145   154.4
P 31    80   126.5
P 16   348   131.4
P 23   428   129.7
P 31   170   127.3
P  8   626   142.4
P 25    69   125.9
P 24   158   125.7
P 24   158   125.9
P 31   170   126.6
P 31   170   127.0
P 17   168   127.6
P 33   355   129.8
P 33   355   128.8
P 39   101   132.8
P 38   280   133.1
P  1   810   155.6
P  8   794   146.0
P 24    72   124.9
P 19   169   128.7
P 45   194   139.3
P 39    23   131.4
P  5   401   154.4
P 12   173   130.4
P 24   158   126.1
P  7   627   152.7
P 19   169   127.7
P 32    11   125.9
P 19   169   127.7
P 19   169   128.0
P 24   158   126.2
P 19   169   128.7
P 17    78   127.0
P 32    11   126.9
P 32    11   125.6
P 26   249   127.6
P 32    11   125.3
P 16   348   131.3
P 25    69   125.1
P 22   600   135.6
P 31   170   127.2
P 17    78   126.6
P 17   168   126.6
P 24   158   125.7
P 30   350   130.3
P 30   350   130.8
P 37   452   135.6
P 15   610   138.2
P 21   861   148.6
P 20   615   138.0
P 13   541   148.8
P 13   541   148.6
P 13   541   147.5
P 29   612   136.9
P 22   600   136.6
P 22   600   136.7
P 22   600   135.7
P 17    78   127.7
P 17    78   127.5
P 31    80   127.4
P 46    29   139.0
P 39    93   131.7
P 18    12   126.1
P 25    69   124.7
P 25     1   124.8
P 32     7   125.5
P 49   543   147.4
P 49   543   147.6
P 24   158   126.6
P 23   338   128.7
P 17   164   127.4
P 32     7   126.7
P 12   177   131.6
P 11    15   130.0
P 23   338   129.2
P 19   169   127.3
P 23   338   129.0
P 43   546   146.3
P 23   338   128.9
P 23   338   128.4
P 17   172   127.4
P 24   158   125.1
P 23   338   128.4
P 17    78   127.2
P 32    11   126.1
P 30   350   130.3
P 25    69   124.8
P 27   517   134.0
P 30   350   130.0
P 10    94   133.4
P 23   428   129.5
P 23   428   129.2
P 23   428   129.2
P 16   442   130.8
P 37   366   134.9
P 37   366   135.6
P 37   452   135.6
P 25    71   124.9
P 38    96   130.9
P 24   158   125.4
P 29   612   138.2
P 29   612   137.7
P 26   339   128.2
P 38   182   131.5
P 33   445   133.4
P 25    71   124.7
P 24   158   125.8
P 32    11   125.8
P 17    78   127.4
P 11    91   131.3
P 11    21   131.8
P 32    13   125.8
P 17   364   130.4
P 29  1212   151.3
P 29  1212   150.6
P 29  1212   150.8
P 36  1236   159.2
P 30   866   136.1
P 38   468   136.0
P 32    13   125.2
P 18    83   127.5
P 18    83   127.4
P 25    69   124.6
P 16   618   134.8
P 32    11   126.9
P 23   430   134.3
P 32    11   126.2
P 31   166   128.1
P 10   180   133.2
P 19   169   127.6
P 27   429   130.4
P 28   601   138.3
P 25     1   124.9
P 19   169   128.8
P 19   169   128.9
P 19   169   128.4
P 33   171   128.1
P 19   169   127.9
P 34   441   132.0
P 13   451   136.8
P 23   338   128.9
P 18     9   125.8
P 18     9   126.4
P 18     9   125.9
P 20   439   133.9
P 20   439   133.5
P  7   795   155.6
P 20   517   137.2
P  6   541   145.7
P 20   515   137.6
P  5   279   140.1
P 12   263   134.6
P 12   263   134.2
P 32    23   136.1
P 25    11   131.4
P 25    11   131.6
P 25    11   131.5
P 28   863   148.9
P  5   279   141.2
P 38   112   149.3
P 38   104   134.7
P 26   339   127.7
P 13   541   140.5
P 17    78   126.8
P 18     9   126.7
P 17    78   127.1
P 18     9   125.8
P 16   442   131.0
P 26   249   126.2
P 39    93   130.4
P 39    93   130.4
P 26   249   127.4
P 26   249   126.5
P 32    11   125.6
P 32    11   126.8
P 34   527   133.1
P 34   527   133.6
P 34   527   133.8
P 34   523   133.7
P 40   273   132.3
P 26   251   127.3
P 26   251   126.4
P 27   517   131.8
P 27   517   133.0
P 32    10   126.3
P 34   527   133.2
P 18    12   127.6
P 27   517   132.4
P 19   267   130.2
P  5   299   146.7
P 32    11   125.9
P 10   462   138.4
P 11    26   134.1
P 31   452   133.6
P 17   516   133.1
P 39    96   130.0
P 46   116   140.9
P 20   349   133.2
P 43   886   161.7
P 38   362   136.1
P 20   349   133.4
P 20   349   131.8
P 17   168   128.4
P 17   168   128.3
P 10   180   131.8
P 18     9   127.1
P 10   180   131.7
P  2   372   144.1
P 33   171   127.5
P 24   158   126.6
P  8   622   143.3
P 43   738   171.6
P 12   177   132.4
P 10   270   131.1
P  4    27   137.4
P  3   192   139.7
P  3   192   139.9
P 26   163   126.7
P 11    18   129.6
P 30   530   133.7
P 46    37   144.2
P 17   475   130.8
P 17   471   130.5
P 17   475   131.0
P 32    11   125.7
P 19   169   127.2
P 26   249   127.5
P 24   158   125.3
P 19   169   128.2
P  6   463   145.3
P 21   693   139.9
P 21   693   141.3
P  6   463   145.3
P 28   683   140.0
P 27   429   131.7
P 32    11   125.8
P 33   171   128.7
P 48   465   145.5
P 14   537   139.8
P 21   525   135.7
P 23   338   130.1
P 25     1   125.7
P 34   347   130.1
P 34   347   130.6
P 40    89   130.5
P 32    76   126.7
P 32    10   127.1
P 32    10   126.2
P 32    10   126.2
P 19    79   127.7
P 25    68   124.5
P 25     2   124.5
P 13   361   135.6
P 11    90   131.9
P 11    90   131.2
P 11    90   131.0
P 20   349   131.3
P 19    79   127.3
P 13   451   136.2
P 13   361   135.8
P 25    68   126.0
P 25    68   125.6
P 25    68   124.6
P 32    10   127.5
P 37   624   140.0
P  7   709   170.9
P 38   178   130.5
P 38   178   131.3
P 32     7   125.8
P 40    89   131.3
P 29   776   144.4
P 23   514   134.2
P  8   790   149.6
P  9   622   140.5
P  2   462   148.7
P  2   462   148.5
P 22   870   153.7
P  3   196   143.2
P  3   196   142.4
P  4   197   144.1
P 20   847   148.0
P 20   925   148.4
P 18     6   126.6
P 24   158   127.1
P 24   158   126.7
P 24   158   126.5
P 24   158   127.1
P 24   158   126.6
P 33   167   126.7
P 33   167   126.7
P 24   158   126.1
P 33   167   127.8
P 26   159   126.0
P 25     1   126.0
P 25    68   125.5
P 12    87   131.2
P 26   159   125.7
P 26   159   125.7
P 12    87   130.7
P 11    14   130.2
P 11    14   130.7
P 11    14   130.4
P 11    14   129.3
P 17   254   127.7
P 17   254   128.1
P 11    14   130.4
P 11    14   129.6
P 11    14   130.2
P 25     4   125.9
P 25     1   125.5
P 11    14   130.9
P 25     4   125.4
P 11    14   129.9
P 16   438   133.0
P 16   438   132.7
P 11    18   130.5
P 24   248   127.0
P 25     1   124.8
P 23   432   131.5
P 23   432   131.5
P  9   536   137.4
P  9   536   136.4
P 23   432   132.4
P 23   514   131.6
P 23   514   131.4
P 31   264   128.5
P 23   514   132.4
P 38   280   134.8
P 34   617   137.0
P 49   973   163.2
P 48   649   152.8
P 49   973   163.7
P 49   973   163.7
P 49   895   162.5
P 28   931   148.1
P 27   601   134.3
P 18     9   127.3
P  4    33   142.6
P  3   200   142.9
P 27   605   136.1
P 27   605   136.0
P 10   188   133.4
P 25     1   124.3
P 24   252   127.4
P 31   268   130.0
P 25     4   124.7
P 23   690   132.5
P 10   278   132.4
P 24   256   126.2
P 24   256   126.6
P 16   610   133.6
P 22  1006   144.6
P 36   972   157.5
P 25    77   125.9
P 27   773   136.9
P 33   457   133.2
P 24   252   127.5
P  5   287   139.7
P 18     9   125.3
P 42   883   152.8
P 41   551   144.3
P 13   623   138.7
P 18     8   125.6
P 20   525   133.3
P 18     8   125.6
P 27   523   133.1
P 23   932   146.2
P 10   368   132.0
P 47   195   141.4
P 37   538   139.4
P 28   601   135.9
P 16   438   133.1
P 12   177   133.8
P 38   186   138.5
P 31   170   134.7
P  1   712   152.1
P 32    10   126.1
P 27   429   129.8
P 32    10   125.5
P 19   169   126.4
P 34   351   131.4
P 40   187   132.1
P 25    68   124.4
P 20   443   131.8
P 19    79   126.7
P 24   248   127.0
P 31   260   127.8
P 34   351   130.9
P 34   351   131.3
P 20   349   131.6
P 33    81   126.5
P 25    68   124.4
P 20   349   131.8
P 33   171   127.2
P 27   429   129.8
P 18    82   125.9
P 43   886   162.1
P 27   515   129.1
P 27   429   128.9
P 21   697   141.7
P 31   444   130.0
P 40   191   133.0
P 44   816   156.6
P 23   766   139.1
P  8  1110   164.8
P 31   534   131.9
P 31   534   131.0
P 16  1024   144.5
P 17   626   133.3
P 25    70   123.9
P 10   274   134.6
P  6   635   146.0
P  3  1044   158.6
P 20   349   130.3
P 25    68   123.9
P 25    68   125.2
P 25    68   125.0
P 20   443   130.8
P 12    95   132.2
P 18     8   127.1
P 12   185   133.0
P  3   466   143.6
P  4   106   140.7
P 49   723   152.3
P  5   205   142.0
P  5   111   142.7
P  2   724   152.9
P 32    97   137.9
P 18   184   126.5
P 33   375   128.2
P 27   925   133.2
P 33   371   128.3
P 33   375   128.7
P 19   275   126.9
P 25   158   122.5
P 19   365   127.6
P 33   371   128.3
P 32   280   127.6
P 35  1337   153.7
P 17   442   130.8
P 32    88   126.5
P 34   531   131.8
P 35   781   140.6
P 35   781   140.3
P 14   795   146.3
P 20   443   131.8
P 34   449   130.7
P 34   449   130.7
P 34   449   131.7
P 26   159   124.5
P 21   861   140.0
P 19   173   126.6
P 26   159   123.8
P 32   174   126.5
P 17   446   132.7
P 17   446   132.7
P 26   159   124.7
P 33   179   127.7
P 33   179   127.6
P 19   173   126.1
P 32   174   126.0
P 18    86   126.1
P 24   428   127.5
P 17   446   131.2
P 17   446   131.1
P 10   462   138.3
P 17   446   130.7
P 19   263   126.4
P 11   102   132.9
P 12   287   133.3
P 12   287   133.4
P 24   518   130.4
P 25   162   124.0
P 25   166   124.1
P 18   172   125.7
P 19   263   126.8
P 17   618   132.5
P 17   618   133.1
P 19    79   126.8
P 19   165   126.9
P 18     8   126.1
P 18     8   126.7
P 25    68   124.8
P 25    68   124.7
P 26   159   125.1
P 27   429   129.8
P 18     6   127.2
P 27   339   129.4
P 30   436   132.5
P 30   436   132.7
P 30   346   132.6
P 37   358   136.1
P 37   358   136.1
P 23   340   131.9
P 29   608   138.4
P 44   366   141.4
P 19    79   126.3
P  5   197   140.6
P  5   107   139.5
P 14   627   142.6
P 11    94   132.0
P  5   197   140.2
P  5   197   140.7
P  7   721   150.4
P 13   365   135.0
P 20   519   135.8
P 20   519   136.1
P 19    73   131.8
P  6   291   143.2
P 22  1266   169.3
P  8  1276   173.3
P 21   603   138.6
P 10   868   145.4
P 32    10   126.1
P 39    92   130.7
P 16   524   135.4
P 41   457   136.4
P 25   158   124.2
P 23   764   138.3
P  2   814   156.8
P  6   467   144.6
P 27   429   129.9
P 24   338   127.1
P 31   350   128.7
P 22   848   144.6
P 43   890   160.0
P 43   890   159.6
P 38   186   135.7
P 31   350   128.8
P 30   612   136.0
P 18    82   126.2
P 30   616   135.5
P 27   429   130.4
P 27   429   128.7
P  5   205   144.0
P  5   205   145.3
P 46   116   142.0
P 28   765   138.8
P 26   159   125.6
P 27   429   129.9
P 28   683   137.1
P 26   159   125.6
P 17   352   129.6
P 24   338   128.0
P 31   444   130.0
P  2   732   156.7
P 11  1287   244.6
P  4  1255   240.5
P 32    84   125.9
P 19   177   127.7
P 21   865   142.5
P  1   888   159.2
P  5   197   141.4
P 25    68   124.1
P 34   351   130.7
P 26   159   124.8
P 26   159   124.6
P 26   159   125.0
P 16   778   138.8
P 31   444   130.4
P 23   764   136.0
P 23   764   136.2
P  8  1032   156.9
P  8  1032   158.2
P 21   861   142.4
P 19   173   128.1
P 21   861   141.7
P 41   551   140.8
P 46   124   147.4
P 38   464   138.7
P 27   515   129.3
P 32   174   126.1
P 34   531   130.7
P 34   531   131.9
P 26   159   125.1
P 26   159   124.7
P 38   550   137.4
P 27   515   129.9
P 27   515   129.7
P 27   517   130.0
P 19   177   128.3
P 19   181   127.1
P 16   864   140.7
P 16   864   141.6
P  9   884   149.1
P 27   429   129.9
P 27   429   129.2
P 27   429   130.0
P 20   439   130.4
P 18    82   126.6
P 18    82   125.5
P 25    68   124.7
P 25    68   125.2
P 28   765   137.3
P 34   445   131.8
P 19   173   126.2
P 26   159   125.3
P 27   429   129.7
P 32    10   125.6
P 33   175   127.1
P 28   683   137.2
P 28   683   136.8
P 33   175   127.6
P 33    81   126.2
P 33   175   127.7
P 28   683   136.2
P 35   699   138.3
P 14   713   145.3
P 19   173   128.0
P 26   159   124.7
P 26   159   124.8
P 33   175   127.2
P 19   173   127.1
P 19   173   126.5
P 19   173   127.8
P 19   173   127.7
P 13   471   139.1
P  5   138   150.8
P 25   158   125.1
P 21   779   139.2
P  3   478   149.5
P 25   158   125.1
P 31   444   130.8
P 31   444   132.0
P 47   207   143.6
P 24   524   131.6
P 30   936   142.3
P 40   285   133.3
P 26   159   125.0
P 17   352   129.0
P 15   934   148.0
P 15   934   148.9
P 17   348   129.1
P 11    90   130.9
P  2   552   146.4
P 34   351   130.7
P 20   349   130.6
P 28   601   136.5
P 33    81   127.3
P 33   171   126.1
P 32    10   125.9
P 32    10   125.7
P 34   441   130.9
P 32    80   126.9
P 32    80   126.9
P 49   723   152.4
P 19   165   127.0
P 17   344   126.7
P 26   257   127.5
P 46    41   148.0
P 37   542   139.1
P 18    82   125.8
P 24   158   127.5
P 12    87   130.6
P 18     8   126.4
P 18     8   126.4
P  4    24   137.3
P 20   345   130.6
P 21   525   137.5
P 23   428   130.5
P 24   158   126.3
P 12    87   131.1
P  2   458   144.5
P 12   181   131.7
P 27   429   129.4
P 19   165   127.0
P  6   467   143.5
P 27   433   130.2
P 19   169   126.7
P 11    94   130.7
P 31   354   130.7
P 31   354   130.6
P 36   878   153.1
P 39   100   134.5
P 16   610   134.8
P 29   866   147.0
P 32    10   126.9
P 18     8   126.6
P 19    79   127.6
P 18     8   126.1
P 37   354   134.1
P 41   265   133.8
P 42   445   138.1
P 22   600   137.0
P 24   158   125.9
P 27   429   130.9
P 20   349   132.3
P 31   170   128.2
P 28   683   139.8
P 19   165   127.0
P 19   165   127.5
P 24   158   126.4
P 24   158   126.6
P 24   158   126.7
P 24   158   126.0
P 24   158   126.4
P 33   167   127.9
P 33    81   127.4
P 19    79   126.8
P 32    10   126.5
P 32    10   126.8
P 32    10   125.7
P 33   167   126.6
P 32    10   125.5
P 41   453   136.5
P 46   190   138.5
P  9   720   155.3
P  9   720   155.0
P 23   692   142.4
P  5   123   156.0
P  1   802   156.4
P  9   540   138.3
P 37   542   138.9
P 25     1   124.7
P 19   169   126.9
P 19   169   126.4
P 17   258   128.4
P 26   159   124.7
P 25     1   124.9
P 12   185   131.8
P 11    20   131.4
P 26   159   125.6
P 11    20   130.4
P 18     8   125.7
P 18     8   126.7
P  7   725   153.3
P  6   471   146.0
P 48   481   150.8
P 26   159   125.5
P 26   159   125.7
P 19   169   126.8
P 18     8   126.8
P 18     8   126.8
P 18     8   125.6
P 27   429   129.6
P 34   351   132.7
P 34   351   132.7
P 34   351   133.1
P 41   379   139.5
P 40   198   137.7
P 27   357   133.9
P 33   256   132.7
P 38   272   133.2
P 37   452   137.5
P 45   284   139.5
P 32    10   126.8
P 37   538   138.2
P 37   538   138.0
P 46    28   137.0
P 33    81   126.8
P 10   192   132.6
P 10   188   133.2
P 10   188   132.6
P 25    73   125.4
P 27   769   137.9
P 26   523   128.9
P 26   433   129.0
P 13   877   146.2
P 20   861   140.6
P 32    93   129.6
P 48   915   165.3
P 27   769   138.9
P  5   479   146.9
P  5   479   147.4
P  5   479   146.5
P 12   459   137.4
P 12   545   137.2
P 26   433   129.7
P 24   428   133.6
P 45   230   156.4
P 16   614   132.3
P 15   938   142.0
P 24   162   125.0
P 22   850   140.4
P 47   293   144.5
P 45   284   138.9
P 45   284   139.4
P 37   538   136.9
P 47   383   139.9
P 46    35   137.3
P 46    31   138.4
P 40   359   133.5
P  9   630   138.5
P  9   630   137.5
P  4   119   141.2
P 13   357   134.8
P 13   357   134.7
P 26   159   126.8
P 26   159   125.8
P  9   446   136.2
P 25     4   125.7
P 24   252   126.6
P 18     8   125.5
P  5   193   138.7
P  5   193   138.5
P  5   193   138.6
P  5   193   138.2
P 25     4   124.6
P  5   193   139.0
P  4    26   136.8
P 17   258   127.4
P 16   438   132.5
P 22   686   140.4
P 22   764   140.0
P 16   524   132.4
P 23   518   132.5
P 23   514   132.2
P 46    35   144.6
P 13   537   136.5
P 39    34   140.1
P 39    34   139.3
P 27   523   131.5
P 34   543   136.3
P 28   855   142.9
P 16   770   138.7
P 42   891   157.5
P 42   891   157.2
P 42   891   157.4
P 28   859   142.3
P 13   537   135.1
P  5   201   139.5
P  5   201   138.4
P 28   687   137.6
P 21   345   133.9
P 42   355   137.8
P 28   339   132.4
P 24   158   126.5
P 19   165   127.0
P 33   167   126.9
P 24   158   127.3
P 33   167   126.5
P 33   167   126.4
P 24   158   127.0
P 24   158   127.1
P 19   165   127.6
P 24   158   126.6
P 24   158   126.6
P 24   158   127.3
P 24   158   127.1
P 19   165   127.1
P 19   165   127.7
P 33   167   127.7
P 33   167   127.8
P 33   167   126.6
P 33   167   127.9
P 18     8   126.8
P 33   167   126.6
P 25     1   124.7
P 12    87   130.9
P 12    87   131.8
P 10   270   132.2
P 38   272   134.2
P  8   700   146.2
P 18     8   127.2
P 24   158   126.8
P 24   158   126.3
P 19   165   127.3
P 32     7   126.9
P 32     7   127.1
P 32     7   127.3
P 17   164   128.2
P 19   165   127.3
P 26   159   126.3
P 32     7   125.9
P 31   166   127.7
P 32     7   126.3
P 32     7   126.4
P 31   166   127.1
P 31   166   127.3
P 23   338   129.6
P 23   338   130.4
P 23   338   129.7
P 23   338   129.5
P 23   338   130.6
P 30   350   131.4
P 17   168   127.3
P 17   168   128.1
P 17   168   126.8
P 23   428   131.0
P 17   168   127.7
P 30   350   131.6
P 30   350   131.4
P 17   168   127.2
P 31   170   128.0
P 16   348   131.2
P 29   612   138.6
P 29   612   139.0
P 24   158   125.3
P 24     2   130.4
P 29   444   141.6
P 22   340   140.3
P 22   340   141.1
P 22   340   141.6
P  8   630   147.4
P 25   159   127.5
P 25   159   126.2
P 39    19   130.1
P 46   109   138.6
P 31   170   128.1
P 10   176   130.6
P 12   177   131.1
P 12   177   132.0
P 27   429   130.1
P 20   349   132.0
P 23   338   130.8
P 32    85   127.3
P 30   440   132.5
P 43   726   152.9
P 22   682   138.6
P 35   699   139.9
P 35   699   140.1
P  8   704   144.2
P 31   166   127.3
P 49   633   148.9
P 31   170   128.0
P 32    11   126.3
P 26   249   126.7
P 32    11   125.9
P 18     8   126.0
P 13   537   137.0
P  6   463   144.8
P  6   463   145.1
P 13   537   136.2
P 13   537   137.1
P 31   170   127.5
P 37   452   137.5
P  4    30   144.1
P 17   352   141.2
P 17   352   140.8
P 20   439   131.8
P 20   439   131.9
P 22   924   144.9
P  6   275   141.1
P 33   265   127.0
P 33   265   127.6
P 33   265   127.3
P 27   515   129.8
P 18     8   126.0
P 18     8   125.9
P 40   281   133.4
P 14   795   148.9
P 10   274   133.0
P  3   286   142.2
P 20   439   132.2
P 20   439   132.7
P 10   274   133.2
P 10   274   133.3
P 10   274   132.9
P  8   872   149.1
P 42   883   149.9
P 31  1228   179.3
P  7   807   155.6
P 13   545   138.0
P 14   877   146.4
P 28   769   140.4
P 41   551   139.7
P 31   170   128.7
P 31   170   128.1
P 31   170   128.5
P 18     8   125.5
P 33   171   127.1
P 33   171   127.2
P 33   171   127.1
P 26   159   126.7
P 34   351   132.3
P 21   611   139.2
P 26   159   125.8
P 23   432   135.4
P 11   177   131.7
P 46    34   141.7
P 33   265   127.1
P 26   249   125.3
P 26   249   125.9
P 26   249   125.5
P 16   700   136.7
P 30   698   137.2
P 30   698   137.0
P 24   338   125.8
P 18    12   126.2
P 24   338   125.8
P 39    28   134.0
P 38   284   135.8
P 27   605   131.8
P 41   457   137.0
P 48   473   146.3
P 39    19   131.8
P 46    28   138.6
P 46    28   138.7
P 44   464   145.8
P 44   464   146.3
P 44   464   145.1
P 26   159   128.2
P 21   611   137.3
P 31   170   128.0
P 31   170   128.2
P 31   170   128.7
P 36   706   145.5
P 29   612   141.3
P 29   612   141.3
P 22   602   138.9
P 17    82   132.4
P 21   611   139.1
P  5   193   139.9
P 16   602   136.2
P 16   602   137.0
P 24   354   131.8
P 18    74   126.3
P 11   115   145.5
P 20   529   128.4
P 20   529   129.5
P 27   441   128.1
P 28   933   137.8
P 19    12   125.5
P 19    14   126.0
P 19    12   125.0
P 20   529   128.2
P 19    79   127.4
P 32    10   125.8
P 27   339   129.7
P 34   351   130.7
P 34   351   130.7
P 27   339   129.0
P 27   339   130.3
P 31   170   129.1
P 31   170   128.0
P 12   181   130.7
P 12   181   130.8
P 26   159   126.2
P 26   159   125.1
P 26   159   125.7
P 15   692   143.2
P 24   248   127.9
P 32    10   127.0
P 33   167   127.1
P 28   601   136.0
P 37   538   138.3
P 39    16   130.8
P  9   454   141.7
P  9   454   142.1
P  4    26   137.3
P 18   248   131.9
P 24   158   126.7
P  8   532   141.8
P  8   532   142.0
P 40    89   131.2
P 40    89   131.0
P 27   339   128.8
P 46    25   137.2
P 40   179   132.0
P 24   158   126.9
P 19   165   127.9
P 19   165   128.0
P 24   158   127.3
P 27   339   130.1
P 20   345   130.1
P 19   165   127.4
P  9   446   136.9
P  4    24   136.9
P  8   618   144.9
P  5   279   140.8
P 24   158   126.7
P 24   158   127.4
P 32     7   126.8
P 23   428   130.5
P 23   428   130.1
P 22   600   137.4
P 16   348   131.6
P 16   348   132.5
P 18     9   126.8
P 23   428   130.4
P  2   372   143.5
P 40   277   135.8
P 40   277   136.1
P 19   349   130.1
P 14   873   152.7
P  5   381   143.9
P 29   526   139.2
P 10   176   132.7
P  2   458   142.5
P  2   458   143.3
P 33   167   127.6
P 33   167   127.8
P 33   167   127.2
P 33   167   126.6
P 31   170   127.9
P 19   169   127.6
P 19   169   127.1
P 24   248   126.6
P 33   167   127.6
P 33   167   127.4
P 33   167   127.4
P 33   167   127.0
P 18     8   126.9
P 31   170   127.9
P 31   170   127.6
P 23   428   130.9
P  8   618   142.5
P 22   600   137.4
P 15   610   138.9
P 16   434   132.1
P 12   177   130.9
P 10   176   131.8
P 25     1   125.3
P  4    24   137.2
P 33   171   126.7
P 33   171   126.9
P 15   778   142.2
P 15   778   141.8
P 23   514   130.5
P 29   694   140.7
P 43   804   155.3
P 41    97   143.3
P 32    10   126.1
P 32    10   125.4
P 47   289   141.0
P 32    10   125.5
P 33   171   126.8
P 25     1   124.7
P 32    10   126.4
P 33   171   127.5
P 33   265   126.9
P  7   725   155.4
P 21   779   141.4
P 18     8   125.3
P 25     1   124.1
P 49   805   155.3
P 27   515   131.2
P 33   171   126.9
P  5   201   143.1
P 10   274   134.8
P 10   274   133.8
P 12   279   133.4
P 10   274   133.5
P 20   529   134.2
P 34   441   133.4
P 34   531   132.9
P 30   616   135.1
P 39    22   131.4
P 19   169   127.8
P 33   171   128.1
P 31   260   128.0
P 24   248   126.0
P 24   248   126.4
P 17   258   127.4
P 18     8   125.4
P 25     1   124.4
P 38   272   132.7
P 38   272   133.4
P 11    20   132.3
P  9   540   138.1
P 18     8   126.0
P 10   274   132.7
P  3   208   141.6
P 37   452   137.4
P 10   274   132.3
P 32    10   125.9
P 23   514   131.1
P 10   274   132.6
P 17   258   127.5
P  7   803   153.4
P 30   616   135.0
P 36   956   151.4
P 38   370   135.2
P  8   872   153.3
P  2   646   152.9
P 11    90   131.4
P 11    90   131.4
P 11    90   131.5
P 18    78   126.6
P 13   451   134.6
P 13   451   134.6
P  8   946   152.1
P  8   946   151.8
P 11   192   135.6
P 33    89   126.7
P 27   433   130.4
P  3   658   154.5
P  3   736   154.2
P  8  1342   171.1
P 39    22   133.0
P 39    19   130.9
P 26   159   125.3
P 24   248   127.2
P 24   248   126.4
P 24   248   126.5
P 18     8   126.9
P 18     8   126.1
P 18     8   127.1
P 18     8   125.9
P 19   169   126.9
P 19   169   126.7
P 48   469   143.5
P 40   183   133.3
P 34   441   131.3
P 31   260   127.8
P 25    68   123.6
P 32    10   125.4
P 33   171   126.4
P 33   171   127.7
P 33   171   127.5
P 40   187   131.8
P 24   248   126.2
P 25    68   123.7
P 25     2   126.7
P 41   363   134.2
P 42   535   140.9
P 33    81   127.2
P 42   535   140.9
P 28   601   134.9
P 28   601   135.8
P 19    79   127.0
P 28   601   135.0
P 28   601   134.8
P 35   527   137.5
P 35   527   137.8
P 40    89   131.6
P 40    89   131.7
P 38   178   132.3
P 40    89   131.4
P 40    89   130.7
P 43   632   149.6
P 44   370   142.2
P 11    18   131.4
P 24   248   126.3
P 40   179   131.4
P 40   179   131.4
P 19   169   128.6
P 27   429   130.3
P 28   603   137.6
P 24   338   130.1
P 12   185   134.4
P 15  1070   164.1
P 18     8   126.9
P 18     8   126.8
P 23   600   134.2
P 31   354   129.9
P 32    84   127.3
P 10   360   135.0
P  4   106   141.3
P 34   449   131.0
P 12    87   130.6
P 19   165   127.9
P 19    79   127.5
P 13   357   135.7
P 17   168   128.2
P 42   625   143.3
P 34   351   132.1
P 46   108   140.1
P 42   535   140.0
P 26   159   125.2
P 23   428   131.9
P 32    84   125.3
P 27   515   131.3
P 20   529   132.3
P 24   338   127.2
P 24   338   126.8
P 24   338   126.8
P 19   263   127.6
P 26   249   124.5
P 26   249   125.6
P 17   352   128.4
P 17   352   129.1
P 17   352   129.5
P 32    84   124.9
P 17   352   129.1
P 31   354   128.5
P 32    16   126.1
P 32    13   125.3
P 25     1   123.1
P 24   428   126.0
P 24   428   126.8
P 18    14   126.7
P  2   826   157.3
P 18    15   127.6
P 26   433   129.0
P 42  1245   166.6
P 38   476   141.4
P 16   518   140.8
P 23   644   147.5
P 16   518   140.8
P 17   360   128.0
P 32    17   125.7
P 30   784   136.9
P 30   784   136.8
P 31   358   128.4
P 31   358   129.0
P 18    18   125.6
P 17   356   128.3
P 32    16   125.6
P 11    26   133.5
P 26   339   125.6
P 32    16   126.4
P 17   356   128.7
P 17   356   128.7
P 32    16   126.2
P 26   339   125.9
P 17   356   128.3
P 17   356   129.6
P 17   356   129.4
P 24   428   126.5
P 48   657   152.5
P 48   657   152.7
P 21  1017   149.6
P 33   363   128.1
P 27   683   132.5
P 12   193   134.5
P 17   258   128.0
P  5   193   137.8
P 13   357   135.5
P 25     4   124.4
P 27   343   130.5
P 25     4   125.3
P 27   343   130.5
P 13   451   134.5
P 13   357   135.6
P 33   183   129.4
P 19   165   126.2
P 13   451   134.3
P 13   451   135.7
P 13   451   134.8
P 13   451   135.4
P 13   455   134.7
P 20   439   131.1
P 11    94   129.6
P 20   435   131.0
P  7   803   152.6
P  7   807   152.0
P  7   807   152.3
P 20   521   130.7
P 20   435   130.6
P  4   544   147.3
P 21   525   137.5
P 13   455   135.8
P 13   455   136.1
P 19   169   126.2
P 24   248   126.1
P 18     8   126.2
P 17   168   128.8
P 46    31   138.9
P 23   514   131.8
P 16   524   133.4
P 11    20   131.4
P 10   274   134.5
P 20   529   132.9
P 13   455   138.7
P 33   101   134.9
P 26   159   126.4
P 24   158   126.8
P 27   339   130.2
P 27   339   129.8
P 12    87   130.2
P 27   339   129.5
P 12    87   130.0
P 12    87   131.0
P 12    87   131.3
P 25    68   125.9
P 20   349   130.4
P 26    73   126.2
P 20   349   130.4
P 13   361   133.8
P 33   167   126.8
P 24   158   126.6
P 24   158   126.6
P 24   158   126.9
P 19   165   128.3
P 24   158   126.6
P 19   165   126.5
P 24   158   126.5
P 19   165   127.9
P 19   165   128.0
P 33   167   127.0
P 24   158   126.9
P 24   158   127.0
P 19   165   127.6
P 19   165   127.4
P 24   158   127.5
P 24   158   127.2
P 19   165   127.1
P 33   167   127.7
P 19   165   128.1
P 24   158   126.6
P 24   158   126.8
P 24   158   126.8
P 24   158   127.2
P 24   248   127.2
P 24   248   127.0
P 24   248   126.1
P 33   171   127.8
P 24   248   126.4
P 33   171   127.1
P 24   248   126.1
P 24   248   126.8
P 19   169   126.5
P 33   171   127.6
P 24   248   126.8
P 33   171   128.2
P 24   248   126.9
P 33   171   126.9
P 11    18   130.4
P 10   270   133.2
P 19   169   126.5
P 16   438   133.2
P 25     1   125.0
P 18     8   125.9
P 23   514   132.0
P 23   514   132.7
P 23   514   131.3
P  2   552   146.5
P  8   790   147.4
P 27   519   132.1
P 41   551   142.4
P 24   252   126.5
P 22   768   141.3
P 31   264   129.2
P  5   287   141.2
P 18     8   126.3
P 19   169   127.4
P 43   808   158.9
P 34   621   135.0
P 34   621   133.9
P 34   621   134.1
P 24   338   126.7
P 24   338   127.3
P 32    13   125.8
P 32    13   125.6
P 32    84   125.4
P 25    68   125.8
P 26   249   125.5
P 26   249   125.3
P 19   263   127.3
P 33   265   127.2
P 33   265   126.8
P 33   265   127.7
P 24   338   126.9
P 24   338   126.9
P 19   263   127.3
P 40   285   133.5
P 41   551   138.6
P 41   551   140.3
P 25    68   124.4
P 20   615   132.8
P 20   533   132.0
P 32    84   126.5
P 24   428   127.2
P 24   428   127.8
P 23   764   137.3
P 33   461   141.8
P 19   267   130.1
P  9   978   145.1
P 41   641   139.3
P 45   574   152.8
P 32   268   126.1
P 32   264   127.5
P 45   750   155.4
P 45   750   155.2
P 33   347   134.7
P 33   347   135.0
P 33   347   134.3
P 37  1170   159.1
P 41   645   139.8
P 41   645   140.6
P 41   645   141.0
P 34   699   132.1
P  3   486   150.2
P 39   198   134.2
P 39   198   133.5
P 39   100   132.9
P 40   375   135.0
P 47   399   146.9
P 47   399   146.3
P 47   297   143.3
P 32    10   126.3
P 32    10   126.1
P 37   542   139.4
P 37   542   138.9
P 37   542   139.0
P 37   542   138.6
P 33   261   131.7
P 32     7   129.5
P 33   257   130.8
P 16   524   134.4
P 22   764   140.4
P 22   764   140.3
P 38   186   133.3
P 44   554   148.7
P 44   554   147.3
P 33   171   127.4
P 19   169   127.2
P 24   248   126.7
P 23   514   131.5
P  8   794   147.8
P 26   159   125.3
P 42   707   143.8
P 42   707   142.7
P 37   538   137.8
P 37   538   137.9
P 33   257   129.8
P 30   440   133.7
P 44   464   145.8
P 44   464   145.9
P 40   183   132.3
P 32    10   126.4
P 24   248   127.0
P 24   248   126.1
P 24   248   127.3
P 24   248   126.3
P 24   248   127.1
P 10   184   134.6
P 12   185   133.5
P 33   171   128.2
P 29   694   140.9
P 42   539   145.1
P 41   273   139.9
P 35   691   138.5
P 16   528   135.1
P 30   608   134.5
P 37   624   139.0
P 46    31   137.7
P 46    31   137.8
P 24   248   126.3
P 19   169   127.8
P 24   248   126.0
P 24   248   126.6
P 33   171   126.8
P 33   171   127.7
P  9   536   137.1
P 11    18   130.8
P 25     1   124.0
P 10   270   132.2
P 10   270   132.4
P 10   270   132.0
P 10   270   131.9
P 22   682   139.6
P 33    81   127.1
P 24   248   126.3
P 19   169   127.7
P 10   270   132.8
P  2   462   145.0
P  9   536   137.5
P  9   454   137.2
P 17   168   127.9
P 18     9   126.4
P 34   531   134.1
P 34   531   134.8
P 11    18   131.7
P 11    18   132.1
P 47   211   152.8
P 47   211   152.7
P  2   642   154.1
P  2   642   154.5
P  7   807   161.0
P  7   807   160.5
P 23   686   131.0
P 31   264   128.8
P  3   290   142.1
P 17   258   127.4
P 31   260   127.9
P 11    20   131.0
P  4    30   140.3
P 18     8   125.7
P 18     8   125.6
P  5   201   141.2
P 29   866   149.7
P  6   467   144.9
P 39    22   131.2
P 16   524   133.7
P  6   553   146.3
P 46    31   139.6
P 41   543   137.9
P 16   438   133.7
P 16   438   133.3
P 24   338   126.3
P 33   171   126.3
P 26   249   125.9
P 26   249   125.7
P 20   529   131.7
P  5   201   143.3
P 38   370   134.8
P 31   354   129.2
P 24   338   126.4
P 23   600   132.5
P 10   458   136.3
P  3   478   146.3
P  4   118   142.9
P 10   442   142.0
P 20   529   131.6
P 40   191   133.2
P 40   191   133.5
P 27   515   129.9
P 12   193   133.5
P 13   557   138.9
P 28  1007   141.4
P 20   529   131.1
P 34   547   135.1
P 34   633   135.2
P 28  1007   141.0
P 28  1007   140.8
P 28  1007   141.8
P 28  1007   141.2
P 26     7   126.2
P 33    29   131.2
P 26     7   127.1
P 26     7   127.2
P 26     7   126.9
P 21  1017   142.7
P 13   561   139.7
P 21  1017   142.5
P 14   709   144.4
P 18     8   125.3
P 19    79   127.4
P 27   429   130.1
P 27   429   130.0
P 27   429   129.1
P 41   367   136.4
P 18     8   125.5
P 18     8   125.8
P 31   260   127.5
P 18     8   126.1
P 26   159   125.4
P 26   159   125.4
P 26   159   126.3
P 17   258   128.5
P 19   169   127.0
P 17   258   127.8
P 17   258   128.2
P 30   526   135.0
P 30   526   134.2
P 34   449   132.8
P 34   449   132.3
P  6   561   146.7
P 27   515   131.2
P 27   519   131.0
P 13   553   139.6
P 13   471   139.8
P 27   515   131.3
P 38   370   134.7
P 23   600   133.8
P 25     1   124.3
P 39    22   130.8
P 17   258   128.1
P 33   175   127.1
P 35   699   138.9
P 25   158   125.2
P  2   724   155.8
P 18    78   128.8
P 18    78   128.3
P 30   702   141.6
P 34   351   131.8
P 33   171   127.6
P 18     8   126.2
P 33   171   126.8
P 44   464   145.9
P 37   538   137.7
P 44   464   145.0
P 31   170   128.1
P 28   683   137.8
P 28   683   137.4
P 35   699   140.0
P 28   683   138.2
P 34   445   132.2
P 28   683   137.7
P 41   457   137.1
P 19   173   127.5
P 17   352   130.2
P  6   467   144.8
P  4   110   141.6
P  5   197   141.6
P  4   110   141.3
P  4   110   140.5
P 41   543   136.5
P 24   248   126.0
P 20   349   131.1
P 20   349   131.3
P 23   514   132.0
P 10   270   132.7
P 16   438   133.3
P 24   248   126.9
P 19   169   126.9
P 19   169   127.1
P 33   171   127.0
P 33   171   127.3
P 32    10   125.9
P 32    10   125.8
P 19   169   126.9
P 34   351   131.0
P 33   171   127.5
P 34   351   131.1
P 34   441   130.8
P 33    81   126.4
P 35   613   138.9
P 34   445   130.8
P 26   159   125.7
P 47   199   142.0
P 33   175   127.7
P 33    81   127.0
P 49   723   152.7
P 41   367   135.9
P 49   727   152.0
P 47   113   140.3
P 47   113   141.4
P 48   469   145.5
P 11    94   132.0
P 25    68   125.2
P 25    68   125.7
P 25    68   125.1
P 18    78   126.1
P 18    82   127.3
P  3   376   144.8
P 21   693   139.2
P 21   693   140.2
P 34   445   132.4
P 25    68   125.2
P 10   364   136.0
P  4   110   141.0
P 16   614   135.8
P  4    32   140.3
P 18     8   127.1
P 18     8   127.6
P 16   610   136.8
P 17   348   130.3
P 10   364   135.0
P 49  1067   186.2
P 20   529   132.7
P  7   807   156.6
P  7   807   156.7
P 48   289   149.9
P 46   554   152.8
P 46   554   152.3
P  8   868   151.4
P 20   443   131.0
P 25    68   124.9
P 13   459   140.4
P 34   441   131.2
P 49   727   152.3
P 42   711   143.3
P 46   112   140.7
P 33    81   126.3
P 46   112   140.8
P 34   441   130.7
P 47   113   141.3
P 46   112   141.2
P 46   112   139.9
P 28  1099   146.4
P 21   779   140.4
P 40    97   131.5
P 33    81   126.1
P 12   103   137.1
P 12   103   136.5
P 35   695   138.2
P 20   443   131.7
P 20   443   131.7
P 20   443   131.3
P 20   443   131.6
P 20   443   131.2
P 20   443   131.3
P 26   159   125.4
P 35   695   139.1
P 20   443   131.3
P 28   685   137.8
P 28   685   137.8
P 28   685   136.6
P 19   173   128.2
P 34   441   131.5
P 35   695   138.5
P 26    71   125.2
P 26   159   126.3
P 25    70   124.4
P 12   189   133.7
P  9   712   144.9
P 22   998   149.4
P 22   998   149.5
P 15  1012   151.0
P  8  1028   157.8
P 22   928   150.1
P 41   465   136.5
P 41   461   137.4
P 41   465   137.5
P 20   459   133.1
P 19    24   129.7
P 27   435   127.8
P 19   200   133.4
P 18    86   127.3
P 29  1014   150.8
P 40   191   132.5
P 42   797   144.6
P 48   583   149.6
P 26   249   125.4
P 33   265   127.4
P 32    84   126.0
P 14   881   149.0
P 33   265   126.7
P 26   249   124.9
P 24   338   125.8
P 24   338   127.2
P 24   338   125.9
P 24   338   126.8
P 16   614   135.1
P 38   370   135.5
P  9   794   142.9
P 19   263   127.4
P 23   686   136.1
P 23   764   135.7
P 26   249   126.1
P 35   781   141.7
P  5   201   143.8
P 24   338   126.5
P 24   338   125.8
P 37   632   141.1
P 33   265   127.0
P 33   265   126.9
P 18    82   125.8
P 31   354   129.6
P 31   354   129.4
P 32    84   125.1
P 31   354   128.3
P 10   368   134.9
P 32    16   125.4
P 17   352   128.9
P 25     1   124.6
P 30   698   135.3
P 47   301   145.7
P 41   637   139.7
P 49   899   162.4
P 25    68   123.5
P 23   684   134.3
P 23   764   133.6
P  2   740   157.6
P 27   603   131.5
P 14   967   157.7
P 28   927   144.6
P 19   271   131.6
P 11   994   162.9
P 39   996   162.3
P 16   794   139.4
P 33   265   127.9
P 42   879   149.7
P 42   879   150.1
P 23   682   133.1
P 24   430   126.1
P 42  1113   155.0
P 19   361   128.3
P  5   413   153.4
P 42    19   162.7
P  4    26   137.8
P 18     8   126.6
P 23   600   133.3
P 23   600   133.2
P 18    82   125.5
P 31   354   128.6
P 25    68   124.3
P 36   956   151.4
P 25    68   123.6
P 25    68   124.1
P 25     1   123.9
P 37   546   142.8
P 37   632   143.1
P 18    18   129.5
P 30   526   135.0
P  3   384   147.2
P  3   384   147.5
P 33   171   127.2
P 39    92   131.0
P  4   114   144.7
P 41   543   139.0
P  2   818   157.3
P 25    68   125.1
P 19   263   126.8
P 20   529   132.6
P 33   171   126.4
P 20   529   131.7
P 24   338   127.7
P 24   338   126.9
P 32    84   126.3
P 19   177   128.2
P 17   356   130.7
P 41   551   138.4
P 18    82   127.0
P 10   368   135.6
P 19   173   128.1
P 19   263   126.7
P 11    98   131.4
P 11    98   132.4
P  2   642   150.2
P 15   856   146.3
P 23   936   138.9
P 29  1340   162.3
P 22  1316   155.3
P 21   947   147.6
P 21   865   143.9
P 49   899   161.4
P 27   515   129.6
P 41   465   138.2
P 34   531   131.4
P 25   160   127.2
P 25   160   127.5
P 14   705   143.2
P 11    90   133.1
P 11    90   133.1
P 11    24   131.2
P 16   614   135.0
P 30   616   135.6
P 22   846   143.7
P 22   846   143.8
P 36   878   152.1
P 19   165   126.6
P 19   165   126.7
P 19    79   126.4
P 33   167   127.7
P 33   167   127.3
P 33    81   126.7
P 19   165   127.5
P 33   167   127.4
P 17   168   127.7
P 18     6   126.4
P 17   168   128.0
P 18     8   125.9
P 31   170   127.6
P 23   428   131.2
P 26   249   127.5
P 11    21   132.6
P 29   694   139.2
P 29   694   140.3
P 24   248   125.3
P 24   158   126.5
P 23   430   130.1
P 38    29   137.8
P 39   465   143.2
P 12   181   132.2
P 19   169   126.8
P 19   169   127.5
P 21   611   138.8
P 34   351   131.0
P 19   173   128.4
P 47   199   141.6
P 47   199   141.6
P 27   429   129.8
P 21   611   137.5
P 14   623   141.7
P 12   181   131.8
P 12   181   131.0
P  5   103   139.2
P 11    90   131.7
P 17   344   130.6
P 21   611   137.9
P 35   699   138.7
P 35   699   139.5
P 34   445   132.0
P 34   445   131.8
P  6   373   143.3
P 19   169   126.8
P 11    18   130.5
P 26   159   126.5
P 11    90   130.0
P 18     8   126.1
P 14   791   144.6
P 19   169   127.4
P 14   705   141.9
P  5   107   140.8
P  6   373   142.4
P  6   373   143.3
P 42   629   145.1
P 34   351   132.7
P 34   445   133.1
P 48   469   145.6
P 33   171   127.1
P 26   159   125.4
P 19    79   127.3
P 30   440   133.4
P  9   536   138.3
P 23   514   133.1
P  2   552   146.3
P  2   462   145.6
P 48   477   147.7
P 13   459   135.1
P 13   365   135.3
P 21   693   137.9
P 27   343   129.2
P 27   343   129.1
P 21   693   137.3
P 21   779   137.3
P 19     9   126.2
P 20   349   130.2
P 32    10   127.3
P 12   185   131.7
P 19   169   126.9
P 24   248   126.1
P 24   248   127.0
P 37   542   139.1
P 39    22   130.6
P 38   276   132.8
P 46    31   140.0
P 24   158   127.4
P 19   165   127.3
P 32     7   126.0
P 20   345   130.8
P 20   349   130.0
P 28   601   135.6
P 33    81   127.5
P 33    81   127.8
P 26   159   125.2
P 27   339   129.4
P 27   339   129.3
P 34   351   131.2
P 34   351   130.6
P 24   158   126.6
P 20   345   130.8
P 19    79   126.6
P  5    95   137.1
P  5    95   137.2
P 49   731   149.9
P 49   731   150.9
P 45   894   154.9
P 45   894   155.7
P 45   894   155.3
P 34   347   129.6
P 21   713   141.8
P  4   404   162.0
P 48   379   143.9
P 32    80   127.3
P 39    92   132.3
P 32    10   127.2
P 48   375   143.4
P 49   637   150.1
P 44   460   143.6
P 32     7   128.5
P 19    79   127.1
P 19    79   127.5
P 26   159   125.6
P 26   159   127.0
P 34   347   130.1
P 25     1   124.6
P 34   347   130.5
P 24   158   126.9
P  9   352   134.8
P  9   352   134.7
P 26   159   125.4
P 33   171   127.7
P 40   183   132.8
P 34   441   132.4
P 41   453   136.8
P 18     8   126.2
P 33   171   128.0
P 37   538   139.0
P 23   514   132.1
P 33   171   126.9
P 49   723   153.5
P 42   711   144.8
P 49   723   153.2
P 11    20   130.7
P 11    20   131.7
P 26   159   125.6
P 20   439   132.1
P 27   429   130.8
P 21   693   140.2
P 36   874   150.4
P 43   890   160.8
P 21   611   137.8
P 17   258   129.1
P 19   169   127.8
P 32    10   126.9
P 32    10   126.8
P 19   169   126.9
P 32    10   125.9
P 31   260   127.4
P 31   260   127.5
P 20   439   131.2
P 25     1   123.8
P 20   439   132.4
P 20   439   132.3
P 31   354   128.3
P 30   530   134.5
P 23   600   133.4
P 33   265   128.3
P 33   265   127.5
P 31   354   128.4
P 18     8   126.7
P 40   187   132.9
P 28   765   139.5
P 33   265   128.4
P 40   187   132.7
P 44   558   150.6
P 45   292   143.0
P 45   292   144.2
P 43   890   160.4
P 33   711   132.7
P 32    13   125.8
P 32    13   125.7
P 24   248   126.0
P 33   265   127.5
P 39    22   131.9
P 39    22   132.4
P 16   524   133.6
P 24   248   126.0
P 19   169   127.7
P  1   884   157.6
P 32    84   126.5
P 32    84   126.5
P 25    68   124.6
P 31   358   129.4
P 25    68   124.6
P 48   653   151.6
P 12   279   133.6
P 40   293   136.7
P 18    14   125.8
P 18    82   125.4
P 18    14   125.5
P 26   339   125.3
P 12   377   134.7
P 25    68   122.8
P 12   377   135.4
P 19   353   127.4
P 19   267   126.6
P 26   343   125.5
P 26   343   125.3
P 18    14   124.7
P 30   874   140.4
P 30   874   140.9
P 30   874   141.0
P 22  1196   157.2
P 30   788   146.2
P 20   865   139.1
P 22  1076   154.3
P  1   966   167.2
P 37   984   162.9
P 37   984   163.4
P 30   788   141.0
P 30   788   142.0
P 30   788   142.3
P 35   789   143.1
P 48   485   154.4
P 33   175   127.5
P 20   349   130.6
P 18    78   125.7
P 21   611   137.9
P 13   545   136.3
P 13   545   136.4
P  5   119   142.9
P  6   479   147.1
P  9   954   149.4
P  1  1246   176.4
P  3   564   149.7
P  5   209   144.1
P  5   209   145.0
P 35   617   137.7
P 19    79   125.2
P 39   190   134.3
P 40   273   135.5
P 19    79   126.0
P 19    79   126.0
P 21   607   148.2
P 21   611   148.1
P 19    83   125.6
P 19    83   125.2
P 27   437   128.2
P 27   433   127.5
P 25   252   126.7
P 27   437   128.0
P 18   262   127.8
P 18   258   127.6
P 27   433   128.6
P 27   433   128.7
P 26     5   125.2
P 19    83   126.7
P 33    93   128.8
P 21   861   139.1
P 21   861   138.8
P 34   457   132.0
P 14   885   145.0
P 14   885   145.5
P 12    30   136.0
P 11   552   139.6
P 11   552   138.9
P 33    35   136.2
P 33    34   135.9
P 17   778   135.3
P 17   778   136.0
P 49   707   165.4
P 35   617   138.2
P 35   617   138.0
P 26   159   125.4
P 25    68   125.7
P  9   536   138.5
P  9   536   138.2
P  6   373   143.3
P 31   354   130.2
P 31   354   129.5
P 30   530   135.7
P 39    22   133.9
P 39    22   133.9
P 39   100   133.2
P 39    22   132.4
P 25    68   124.6
P 25     4   125.1
P 23   514   132.3
P 23   514   133.5
P 20   439   130.9
P 12    95   130.2
P  4   204   140.1
P  6   561   144.3
P  5   205   140.3
P  6   561   144.8
P 14   873   144.5
P 13   541   134.8
P  5   197   138.1
P 22   850   144.7
P 34   445   132.3
P 30   350   132.9
P 32    10   127.0
P 39    19   130.7
P  2   470   148.5
P  2   470   149.1
P 18     6   125.9
P 19    79   127.3
P 19    79   127.7
P 24   158   127.6
P 24   158   127.7
P 15   524   139.7
P 33   167   128.0
P 33   167   126.9
P 26   159   126.5
P 39    16   129.7
P 22   600   137.3
P  9   356   136.1
P 12   181   132.6
P 17   168   127.1
P 24   158   126.8
P 24   158   125.9
P 33   265   126.6
P 45   476   145.2
P 44   460   145.8
P 33   167   127.0
P 33   167   127.7
P 19    79   127.3
P 33   175   127.7
P 33   175   127.7
P 33   175   128.5
P 42   715   145.0
P 28   683   136.5
P 49   731   155.7
P 49   731   155.7
P  3   482   149.1
P 18    82   127.1
P 17   442   130.3
P 28   515   136.3
P 18     6   126.7
P 19   165   127.7
P 42   535   139.9
P  3   278   138.1
P 18     6   126.7
P 18     6   125.8
P 18     6   125.7
P 33    77   127.3
P 20   255   129.9
P 33    77   127.3
P 34   257   129.3
P 34   257   129.9
P  6   271   138.7
P 23   248   128.5
P 17   164   126.9
P 17    74   126.9
P 22   428   133.2
P 15   434   134.4
P  8   442   138.0
P 15   434   133.8
P 16   164   128.4
P 16   254   129.5
P 16   164   128.4
P 10   167   152.8
P 33   171   128.0
P 19   169   126.8
P 19   169   126.9
P 33   171   126.9
P 34   441   132.7
P 34   441   132.6
P 18    12   126.1
P 18     8   125.4
P 32    10   125.9
P  5   201   143.1
P 13   545   138.5
P 34   531   133.0
P 20   529   131.8
P 42   879   147.9
P 33   171   127.9
P 19   169   128.1
P 33   171   128.2
P 19   169   127.6
P 19   169   127.0
P 19   169   127.8
P 19   169   126.5
P 19   169   126.6
P 19   169   126.8
P 32    10   125.5
P 19   169   127.5
P 32    10   126.7
P 17   258   127.5
P 19   169   127.5
P 24   248   125.9
P 31   260   128.1
P 25     1   124.5
P 38   276   133.3
P 33   171   127.6
P 46    34   140.2
P 33   171   126.6
P 34   527   131.8
P 41   457   137.7
P 34   527   131.9
P 34   527   132.3
P 39    22   130.8
P 39    22   132.2
P 39    22   132.1
P 48   559   147.7
P  3   482   152.4
P 16   618   139.2
P  4   122   146.8
P  5   209   149.9
P 45   292   142.3
P 47   203   141.7
P 46    34   141.6
P 46    34   141.4
P 46    35   140.9
P 49   969   162.3
P 42  1023   155.0
P 15   860   144.3
P 16   696   135.5
P 27   429   131.0
P 13   455   137.2
P 40   187   133.3
P 40   187   133.2
P  3   486   146.6
P 18    82   125.7
P 16   778   135.1
P 33   269   128.3
P 33   269   128.9
P 33   269   129.1
P  1  1122   167.6
P 17   442   127.6
P 22  1068   147.2
P 30   788   136.7
P 30   788   136.4
P 24   248   126.6
P 12   185   132.1
P 26   249   125.9
P 17   258   128.4
P 33   171   127.0
P 33   171   126.7
P 33   265   127.4
P 24   338   126.6
P 31   354   128.7
P 24   338   126.0
P 24   338   126.6
P 33   265   127.0
P 26   249   125.2
P 26   249   125.4
P 33   265   127.0
P 26   249   124.8
P 26   249   125.7
P 30   698   135.5
P 25     1   123.5
P 23   682   132.5
P 31   354   128.3
P 31   354   129.0
P 30   698   135.3
P 38   284   134.2
P 46    43   143.9
P 46    41   143.1
P 43  1050   166.2
P 36  1100   154.2
P 23   764   132.2
P 25    69   124.4
P 18    91   127.5
P 18    91   127.6
P 10   384   137.5
P  3   408   153.5
P  8  1180   157.8
P 15   872   154.2
P 32    17   126.3
P 32    17   126.0
P 33   449   129.2
P 33   445   129.0
P 39   109   132.8
P 31   354   127.6
P 23   684   133.4
P 34   785   138.2
P 25    75   123.8
P 25    71   123.1
P 35  1367   159.3
P 38   284   135.7
P 38   284   135.6
P 45   394   146.8
P 31   354   127.6
P 10   282   135.2
P 16   618   135.1
P 16   696   135.5
P 16   618   136.2
P 25     1   123.4
P 12   283   135.1
P 12   283   134.4
P 12   283   134.9
P 17   356   127.9
P 19   443   129.1
P 32    13   126.2
P 32    13   126.5
P 23   682   133.8
P 23   682   134.0
P 25     1   123.3
P 31   358   128.1
P 24   340   125.4
P 33   359   127.8
P 13   803   145.4
P 32    16   128.0
P 40   383   138.6
P 32    16   127.1
P 32    17   128.5
P 25     3   122.7
P 18    18   126.2
P 18    18   126.3
P 29  1150   150.8
P 23   766   133.6
P 31   358   127.5
P 30   944   138.3
P 30   944   138.0
P 33   265   127.8
P 33   265   128.1
P 19   263   126.9
P 32    16   126.0
P 17   356   129.3
P 17   356   129.5
P 32    16   126.6
P 31   358   128.3
P 24   428   126.2
P 26   339   124.7
P 26   339   125.1
P 24   338   126.7
P 18    12   126.2
P 19   263   127.8
P 32    13   125.6
P 21   939   144.6
P  3   388   146.2
P 18    90   125.7
P 19   361   127.9
P 19   361   128.0
P 17   536   129.6
P 17   536   130.4
P 17   536   130.0
P 19   361   127.4
P 19   361   127.8
P 26   339   124.3
P 20   787   134.9
P 12   385   136.2
P 12   385   136.2
P 21  1331   149.7
P 21  1331   149.5
P 10   466   136.7
P 27   769   133.4
P 24   338   127.2
P  5   307   148.1
P 28  1069   143.6
P 19   271   128.0
P 21  1021   146.7
P 35  1019   146.5
P 35  1019   146.9
P 35  1019   145.8
P 20   705   135.6
P 20   705   134.1
P 20   705   135.5
P 42  1117   156.3
P 13   651   146.9
P 25     1   123.1
P 32    19   125.6
P 32    19   125.8
P 46    52   148.0
P 45   406   151.1
P 24   686   128.5
P 31   714   133.4
P 30  1228   146.0
P 30  1228   147.0
P 23  1138   142.0
P 31   714   132.6
P 25    72   122.9
P 17   626   131.6
P 16  1222   146.1
P 11    24   132.4
P 10   368   134.0
P 11    98   132.0
P 12   279   133.7
P 17   352   128.4
P 12   279   134.6
P 30   620   136.9
P 36   960   155.5
P 44   738   155.6
P 44   738   155.7
P  1   994   182.1
P  8   954   151.6
P 17   356   128.1
P 24   428   126.2
P 26   339   124.9
P 27   683   132.5
P 46    46   145.3
P 47   309   148.2
P 18    14   126.6
P 18    14   126.0
P 25    68   124.1
P 20   619   135.3
P  4    44   146.2
P  4    44   146.0
P 11   106   134.3
P  6   557   148.4
P 10   274   133.7
P 29   862   143.9
P 10   282   133.7
P 10   282   134.2
P 30   628   137.0
P 30   628   136.4
P 29  1030   148.0
P 29  1026   148.6
P 39   100   132.8
P 36   956   152.6
P 15   938   145.5
P  3   384   145.3
P 13   541   139.1
P 21   857   144.3
P 23   600   132.3
P  5   295   144.2
P 10   364   133.5
P 30   620   136.0
P  9   630   139.9
P  9   630   141.0
P  3   384   144.2
P  3   384   144.8
P  3   384   144.9
P 11    24   133.5
P 13   627   141.8
P 28  1007   147.5
P 36   660   156.8
P 36   660   156.7
P 36   746   156.0
P 36   660   156.8
P 15   728   151.7
P 18     8   126.0
P 31   260   127.9
P 40   187   131.8
P 39    22   131.0
P 39    22   131.5
P 34   441   132.7
P 25     1   125.0
P 41   457   137.8
P 32    10   125.4
P 20   529   132.7
P  4    32   141.9
P 28   687   139.4
P 17   258   128.6
P 37   542   139.0
P 37   542   138.6
P 17   262   129.7
P 20   529   133.1
P 21   861   142.4
P 26   249   126.1
P 32    13   126.6
P 19   353   126.7
P 25     1   123.6
P 38   374   135.4
P 38   374   136.4
P 38   374   135.1
P 24   338   126.0
P 24   338   127.1
P 24   338   127.2
P 24   338   126.1
P 40   285   134.3
P 40   285   135.4
P 29  1084   149.9
P 20   447   132.5
P 42   887   149.1
P 21   783   142.3
P 32   866   140.4
P 32   866   141.0
P 24  1264   154.7
P 32    96   130.6
P  6   647   149.7
P 24   248   126.5
P 26   339   125.4
P 32    16   126.1
P 32    16   125.5
P 24   428   126.5
P 24   428   126.5
P 24   428   127.1
P 19   267   128.2
P 19   267   128.1
P 10   466   136.5
P 10   466   136.7
P 10   466   135.8
P 10   466   136.9
P 17   446   128.1
P 10   466   136.9
P 16   782   136.4
P 11    30   132.3
P 17   446   128.5
P 17   442   127.8
P 17   446   127.8
P 26   343   126.4
P 19   443   128.8
P 27   855   134.5
P 27   851   134.8
P 34   793   140.3
P 18    12   125.9
P 18    12   125.7
P  3   490   150.2
P  2   908   159.0
P  2   994   159.9
P 24   428   125.7
P 26   339   124.9
P 26   339   124.7
P 20   701   135.4
P 20   701   134.5
P 30   784   138.2
P  9   802   143.4
P  9   802   144.7
P 20   697   133.7
P 40   285   134.6
P 40   285   134.6
P 40   285   133.8
P 33   355   127.1
P 31   354   129.0
P 31   354   127.9
P 33   355   127.1
P 37   542   139.4
P 32    10   125.9
P 19   169   128.1
P 24   248   126.1
P 26   249   126.2
P 24   338   127.2
P 44   554   148.5
P 23   600   131.6
P 44   488   160.4
P 36   804   155.8
P 37   382   147.3
P 37   382   146.9
P 28   343   132.9
P 41   179   134.9
P 41   179   134.9
P 11    86   132.4
P 28   343   133.9
P 28   343   133.6
P 38   178   132.3
P 34   261   130.3
P 32    76   126.6
P 34   257   130.3
P 45   280   139.1
P 39    16   130.3
P 27   339   128.9
P 35   523   136.3
P 47   101   137.8
P 47   101   137.5
P 42   535   138.7
P 42   535   140.1
P 27   339   128.9
P  6   271   138.4
P 27   249   128.1
P 10   172   131.9
P 41   175   137.4
P 37   354   134.5
P 27   159   128.2
P 42    22   144.8
P 49   108   153.7
P 40   542   153.3
P 25     1   126.7
P 25     1   126.7
P 28   249   131.5
P 29   252   132.5
P 18    74   128.3
P 19    75   128.0
P 33     7   127.7
P 44   358   142.4
P 44   358   142.5
P 29   522   142.7
P 38   264   134.1
P 35   163   132.1
P 34     5   130.7
P 48    93   137.0
P 48    93   136.8
P 39   354   136.1
P 32   342   134.3
P 32   342   134.2
P 45   542   146.0
